Unknown:
C:\Users\nikos\Documents\hack\cst\commercial 2019\foldeddipole007_optimizer\Result\farfield (f=3.6)_1.fme
C:\Users\nikos\Documents\hack\cst\commercial 2019\foldeddipole007_optimizer\Result\Hex.gap
C:\Users\nikos\Documents\hack\cst\commercial 2019\foldeddipole007_optimizer\Result\MCalc-Facets-1xN.log
C:\Users\nikos\Documents\hack\cst\commercial 2019\foldeddipole007_optimizer\Result\MCalc-Facets-PP.log
C:\Users\nikos\Documents\hack\cst\commercial 2019\foldeddipole007_optimizer\Result\MCalc.ddi
C:\Users\nikos\Documents\hack\cst\commercial 2019\foldeddipole007_optimizer\Result\MCalc.log
C:\Users\nikos\Documents\hack\cst\commercial 2019\foldeddipole007_optimizer\Result\ml_info.log
C:\Users\nikos\Documents\hack\cst\commercial 2019\foldeddipole007_optimizer\Result\Model.axg
C:\Users\nikos\Documents\hack\cst\commercial 2019\foldeddipole007_optimizer\Result\Model.coco
C:\Users\nikos\Documents\hack\cst\commercial 2019\foldeddipole007_optimizer\Result\Model.ddi
C:\Users\nikos\Documents\hack\cst\commercial 2019\foldeddipole007_optimizer\Result\Model.elg
C:\Users\nikos\Documents\hack\cst\commercial 2019\foldeddipole007_optimizer\Result\Model.log
C:\Users\nikos\Documents\hack\cst\commercial 2019\foldeddipole007_optimizer\Result\Model.sam
C:\Users\nikos\Documents\hack\cst\commercial 2019\foldeddipole007_optimizer\Result\Model_m1.sam
C:\Users\nikos\Documents\hack\cst\commercial 2019\foldeddipole007_optimizer\Result\m^fifx.dsc
C:\Users\nikos\Documents\hack\cst\commercial 2019\foldeddipole007_optimizer\Result\m^fqq.dsc
C:\Users\nikos\Documents\hack\cst\commercial 2019\foldeddipole007_optimizer\Result\Ports.web
C:\Users\nikos\Documents\hack\cst\commercial 2019\foldeddipole007_optimizer\Result\p^a.dsc
C:\Users\nikos\Documents\hack\cst\commercial 2019\foldeddipole007_optimizer\Result\P^m^fb.slog
C:\Users\nikos\Documents\hack\cst\commercial 2019\foldeddipole007_optimizer\Result\P^m^fbqq.slog
C:\Users\nikos\Documents\hack\cst\commercial 2019\foldeddipole007_optimizer\Result\P^m^fqq.slog
C:\Users\nikos\Documents\hack\cst\commercial 2019\foldeddipole007_optimizer\Result\P^p^m.slog
C:\Users\nikos\Documents\hack\cst\commercial 2019\foldeddipole007_optimizer\Result\P^s^pm.slog
Mesh:
C:\Users\nikos\Documents\hack\cst\commercial 2019\foldeddipole007_optimizer\Result\dA.mat
C:\Users\nikos\Documents\hack\cst\commercial 2019\foldeddipole007_optimizer\Result\dad.mat
C:\Users\nikos\Documents\hack\cst\commercial 2019\foldeddipole007_optimizer\Result\ds.mat
C:\Users\nikos\Documents\hack\cst\commercial 2019\foldeddipole007_optimizer\Result\dsd.mat
C:\Users\nikos\Documents\hack\cst\commercial 2019\foldeddipole007_optimizer\Result\dsMCalc.mat
C:\Users\nikos\Documents\hack\cst\commercial 2019\foldeddipole007_optimizer\Result\Eps.mat
C:\Users\nikos\Documents\hack\cst\commercial 2019\foldeddipole007_optimizer\Result\HexMatrix.m2h
C:\Users\nikos\Documents\hack\cst\commercial 2019\foldeddipole007_optimizer\Result\HexMatrix_MCalc.m2h
C:\Users\nikos\Documents\hack\cst\commercial 2019\foldeddipole007_optimizer\Result\Kappa.mat
C:\Users\nikos\Documents\hack\cst\commercial 2019\foldeddipole007_optimizer\Result\MCalc.fmp
C:\Users\nikos\Documents\hack\cst\commercial 2019\foldeddipole007_optimizer\Result\MCalc.xcfd
C:\Users\nikos\Documents\hack\cst\commercial 2019\foldeddipole007_optimizer\Result\Meta.m2h
C:\Users\nikos\Documents\hack\cst\commercial 2019\foldeddipole007_optimizer\Result\Meta.mat
C:\Users\nikos\Documents\hack\cst\commercial 2019\foldeddipole007_optimizer\Result\Model.cct
C:\Users\nikos\Documents\hack\cst\commercial 2019\foldeddipole007_optimizer\Result\Model.fmf
C:\Users\nikos\Documents\hack\cst\commercial 2019\foldeddipole007_optimizer\Result\Model.fmm
C:\Users\nikos\Documents\hack\cst\commercial 2019\foldeddipole007_optimizer\Result\Model.fpc
C:\Users\nikos\Documents\hack\cst\commercial 2019\foldeddipole007_optimizer\Result\Model.fsi
C:\Users\nikos\Documents\hack\cst\commercial 2019\foldeddipole007_optimizer\Result\Model.fwf
C:\Users\nikos\Documents\hack\cst\commercial 2019\foldeddipole007_optimizer\Result\Model.mss
C:\Users\nikos\Documents\hack\cst\commercial 2019\foldeddipole007_optimizer\Result\Model.sic
C:\Users\nikos\Documents\hack\cst\commercial 2019\foldeddipole007_optimizer\Result\Model.spi
C:\Users\nikos\Documents\hack\cst\commercial 2019\foldeddipole007_optimizer\Result\Model.xcfd
C:\Users\nikos\Documents\hack\cst\commercial 2019\foldeddipole007_optimizer\Result\Model^PEC.fpf
C:\Users\nikos\Documents\hack\cst\commercial 2019\foldeddipole007_optimizer\Result\Mue.mat
C:\Users\nikos\Documents\hack\cst\commercial 2019\foldeddipole007_optimizer\Result\m^fifx.mem
C:\Users\nikos\Documents\hack\cst\commercial 2019\foldeddipole007_optimizer\Result\m^fqq.mem
C:\Users\nikos\Documents\hack\cst\commercial 2019\foldeddipole007_optimizer\Result\p1.spi
C:\Users\nikos\Documents\hack\cst\commercial 2019\foldeddipole007_optimizer\Result\PEC.mat
C:\Users\nikos\Documents\hack\cst\commercial 2019\foldeddipole007_optimizer\Result\Port1.wgi
C:\Users\nikos\Documents\hack\cst\commercial 2019\foldeddipole007_optimizer\Result\PP.fsi
C:\Users\nikos\Documents\hack\cst\commercial 2019\foldeddipole007_optimizer\Result\p^a.mem
C:\Users\nikos\Documents\hack\cst\commercial 2019\foldeddipole007_optimizer\Result\p^m.mem
C:\Users\nikos\Documents\hack\cst\commercial 2019\foldeddipole007_optimizer\Result\Rho.mat
C:\Users\nikos\Documents\hack\cst\commercial 2019\foldeddipole007_optimizer\Result\S2HMatrix.m2h
C:\Users\nikos\Documents\hack\cst\commercial 2019\foldeddipole007_optimizer\Result\Shapes.con
C:\Users\nikos\Documents\hack\cst\commercial 2019\foldeddipole007_optimizer\Result\s^pm.mem
Port:
C:\Users\nikos\Documents\hack\cst\commercial 2019\foldeddipole007_optimizer\Result\adapt_Port1_e1.prt
C:\Users\nikos\Documents\hack\cst\commercial 2019\foldeddipole007_optimizer\Result\adapt_Port1_e1[3.6].prt
C:\Users\nikos\Documents\hack\cst\commercial 2019\foldeddipole007_optimizer\Result\adapt_Port1_e1[3.6]_mp.prt
C:\Users\nikos\Documents\hack\cst\commercial 2019\foldeddipole007_optimizer\Result\adapt_Port1_e1_mp.prt
C:\Users\nikos\Documents\hack\cst\commercial 2019\foldeddipole007_optimizer\Result\adapt_Port1_h1.prt
C:\Users\nikos\Documents\hack\cst\commercial 2019\foldeddipole007_optimizer\Result\adapt_Port1_h1[3.6].prt
C:\Users\nikos\Documents\hack\cst\commercial 2019\foldeddipole007_optimizer\Result\adapt_Port1_h1[3.6]_mp.prt
C:\Users\nikos\Documents\hack\cst\commercial 2019\foldeddipole007_optimizer\Result\adapt_Port1_h1_mp.prt
C:\Users\nikos\Documents\hack\cst\commercial 2019\foldeddipole007_optimizer\Result\Model.pmi
C:\Users\nikos\Documents\hack\cst\commercial 2019\foldeddipole007_optimizer\Result\Port1_1[3.6].m2d
C:\Users\nikos\Documents\hack\cst\commercial 2019\foldeddipole007_optimizer\Result\Port1_1[3.6]_mp.m2d
C:\Users\nikos\Documents\hack\cst\commercial 2019\foldeddipole007_optimizer\Result\Port1_drv.m2d
C:\Users\nikos\Documents\hack\cst\commercial 2019\foldeddipole007_optimizer\Result\Port1_e1.prt
C:\Users\nikos\Documents\hack\cst\commercial 2019\foldeddipole007_optimizer\Result\Port1_e1[3.6].prt
C:\Users\nikos\Documents\hack\cst\commercial 2019\foldeddipole007_optimizer\Result\Port1_e1[3.6]_mp.prt
C:\Users\nikos\Documents\hack\cst\commercial 2019\foldeddipole007_optimizer\Result\Port1_e1_mp.prt
C:\Users\nikos\Documents\hack\cst\commercial 2019\foldeddipole007_optimizer\Result\Port1_h1.prt
C:\Users\nikos\Documents\hack\cst\commercial 2019\foldeddipole007_optimizer\Result\Port1_h1[3.6].prt
C:\Users\nikos\Documents\hack\cst\commercial 2019\foldeddipole007_optimizer\Result\Port1_h1[3.6]_mp.prt
C:\Users\nikos\Documents\hack\cst\commercial 2019\foldeddipole007_optimizer\Result\Port1_h1_mp.prt
