======================================================
 - pinning rule in use   : PINNING_RULE_MCALC_SKIP_ALL
 - desired group         : 0, sockets = 0
 - num cores available   : 12
 - num accessible procs  : 12
 - num logical procs     : 12
 - affinity (main thread): 111111 111111 
 - sockets               : 0
 - potential cores       : 0,2,4,6,8,10
 - affinity              : 111111
 - active cores          : 0,2,4,6,8,10
 - hyperthreading        : on
 - allowed socket ids    : 0
 - allowed core ids      : 0,2,4,6,8,10
 - used mask (string)    : 101010 101010 
======================================================

========================================================================
Processing CAD model (for field results)
	[Improved internal geometry representation]
	[Accuracy improvement for long shapes in inhomogeneous mesh regions]
Version 2019.4 (build 20190301)
PBA version 2019030119
2021 Apr 22 (Thu): 12:53:25
========================================================================

===========================================
Finished CAD processing (for field results)
===========================================

======================================================
 - pinning rule in use   : PINNING_RULE_MCALC_SKIP_ALL
 - desired group         : 0, sockets = 0
 - num cores available   : 12
 - num accessible procs  : 12
 - num logical procs     : 12
 - affinity (main thread): 111111 111111 
 - sockets               : 0
 - potential cores       : 0,2,4,6,8,10
 - affinity              : 111111
 - active cores          : 0,2,4,6,8,10
 - hyperthreading        : on
 - allowed socket ids    : 0
 - allowed core ids      : 0,2,4,6,8,10
 - used mask (string)    : 101010 101010 
======================================================

========================================================================
Processing CAD model
	[Improved internal geometry representation]
	[Accuracy improvement for long shapes in inhomogeneous mesh regions]
Version 2019.4 (build 20190301)
PBA version 2019030119
2021 Apr 22 (Thu): 12:53:42
========================================================================

----------------------------------------------
Used point accuracy enhancement value: 71.00%.
----------------------------------------------

=============================================================================
Mesh statistics:
-----------------------------------------------------------------------------
Minimum edge length (x): 0.323 @ mesh line 31 (x)
Maximum edge length (x): 4.37 @ mesh line 63 (x)
Minimum face area (x): 0.0918 @ mesh lines 25 | 9 (y | z)
Maximum face area (x): 19.1 @ mesh lines 43 | 24 (y | z)
Minimum edge length (y): 0.245 @ mesh line 25 (y)
Maximum edge length (y): 4.37 @ mesh line 43 (y)
Minimum face area (y): 0.121 @ mesh lines 9 | 31 (z | x)
Maximum face area (y): 19.1 @ mesh lines 24 | 63 (z | x)
Minimum edge length (z): 0.375 @ mesh line 9 (z)
Maximum edge length (z): 4.37 @ mesh line 24 (z)
Minimum face area (z): 0.0791 @ mesh lines 31 | 25 (x | y)
Maximum face area (z): 19.1 @ mesh lines 63 | 43 (x | y)
Maximum mesh face aspect ratio (x): 17.8 : 1.0  @ mesh lines 25 | 24 (y | z)
Maximum mesh face aspect ratio (y): 13.5 : 1.0  @ mesh lines 24 | 31 (z | x)
Maximum mesh face aspect ratio (z): 17.8 : 1.0  @ mesh lines 63 | 25 (x | y)
=============================================================================

=============================================================================
Available resources to store TST cells: 2147403457 (2677894.32% of mesh size)
=============================================================================

==================================================================================================
== CST Matrix Calculation Priority Log                                                          ==
==================================================================================================
 
Priorities are sorted in ascending order beginning with the lowest priority
 
Priority:   1, shape   1: component1:substrate, material: FR-4 (lossy), float:   0.00e+00, wire: false, sheet: false, human: false, PEC: false, SI: false, face port:   0, feature ID:      -1
Priority:   2, shape   2: conductors:combined, material: Copper (annealed), float:   0.00e+00, wire: false, sheet: false, human: false, PEC:  true, SI:  true, face port:   0, feature ID:      -1
 
==================================================================================================
 
====================================================
PBA version: default
Geo accuracy: 71.000000
PEC background is represented by CAD geometry: false
Watertightness check: true
Self intersection check: false
Inheritance (all): false
Normal dominance (all): false
Normal dominance (ports): false
Flanges hollow: true
One shape per flange: false
====================================================
=======================
Finished CAD processing
=======================

------------------------------------------------------------
Parallelization Info
------------------------------------------------------------
Number of concurrent threads: 2
Number of node domains: 2
Number of mesh fill domains: 8
Memory downscale: 1
CPU load: 33.33%
Emptiness: 0.00%
Hex mesh complexity: 0.07
Geometric complexity: 0.00
------------------------------------------------------------
Node order
0, 1
------------------------------------------------------------

-----------------------------------
Mesh: # of points excl. TSTs: 80190
      # of points incl. TSTs: 80190
-----------------------------------

1xN000:  <<<<<<<<<<<<<<<<<<<<<<<<
         2021 Apr22 (Thu): 125342
         <<<<<<<<<<<<<<<<<<<<<<<<

1xN000:  ======================================================
          - pinning rule in use   : PINNING_RULE_MCALC_SKIP_ALL
          - desired group         : 0, sockets = 0
          - num cores available   : 12
          - num accessible procs  : 12
          - num logical procs     : 12
          - affinity (main thread): 111111 111111
          - sockets               : 0
          - potential cores       : 0,2,4,6,8,10
          - affinity              : 111111
          - active cores          : 0,2,4,6,8,10
          - hyperthreading        : on
          - allowed socket ids    : 0
          - allowed core ids      : 0,2,4,6,8,10
          - used mask (string)    : 101010 101010

         ======================================================

1xN000:  =======================================
         Matrix computation (PBA)
         	[Gaps between metals are preserved]
         	[PBA version: default]
         Version 2019.4 (build 20190301)
         PBA version 2019030119
         2021 Apr 22 (Thu): 12:53:42
         =======================================

1xN000:  ----------------------------------------------
         Used point accuracy enhancement value: 71.00%.
         ----------------------------------------------

1xN000:  Shapes are ordered to support shape wise matrix storage
1xN000:  ==================================================================================================
         == CST Matrix Calculation Priority Log                                                          ==
         ==================================================================================================

         Priorities are sorted in ascending order beginning with the lowest priority

         Priority:   3, shape   1: component1:substrate, material: FR-4 (lossy)
         Priority:   4, shape   2: conductors:combined, material: Copper (annealed)

         ==================================================================================================

1xN000:  Gap-Detection activated for FARM-topology. Gaps are resolved, even partially.: gap tolerance value is 0.001 and mesh geometry scale is 0.001
1xN000:  cccccccccccccccccccccccccccccccccccccccccccccccccccccccccccccccccccc
         FARM/Meshfill cache is set to 8 (local FI domains: 8, dynamic: true)
         cccccccccccccccccccccccccccccccccccccccccccccccccccccccccccccccccccc

1xN000:  ssssssssssssssssssssssssssssssssssssssssss
         # of curls with SI accuracy enhancement: 0
         ssssssssssssssssssssssssssssssssssssssssss

1xN000:  ------------------------------------------------------------------------------
         PBA fill limit is applied in inverse mode.
         PBA fill limit is applied on faces filled with at least 99.00% metal material.
         --------------------------------------------------------------
         detailed accuracy settings:
         --------------------------------------------------------------
         augmented fill limit:       true
         augmented fill limit value: 99.00
         automatic fill limit:       true
         early fill limit:           true
         inverse fill limit:         true
         model complexity:           0.00
         legacy 2015:                false
         fixed point accuracy:       false
         minimum point accuracy:     0
         mesh step inheritance:      false
         accuracy mode:
         ------------------------------------------------------------------------------

1xN000:  =================================
         Finished matrix computation (PBA)
         =================================

1xN000:  >>>>>>>>>>>>>>>>>>>>>>>>
         2021 Apr22 (Thu): 125345
         >>>>>>>>>>>>>>>>>>>>>>>>



1xN001:  <<<<<<<<<<<<<<<<<<<<<<<<
         2021 Apr22 (Thu): 125342
         <<<<<<<<<<<<<<<<<<<<<<<<

1xN001:  ======================================================
          - pinning rule in use   : PINNING_RULE_MCALC_SKIP_ALL
          - desired group         : 0, sockets = 0
          - num cores available   : 12
          - num accessible procs  : 12
          - num logical procs     : 12
          - affinity (main thread): 111111 111111
          - sockets               : 0
          - potential cores       : 0,2,4,6,8,10
          - affinity              : 111111
          - active cores          : 0,2,4,6,8,10
          - hyperthreading        : on
          - allowed socket ids    : 0
          - allowed core ids      : 0,2,4,6,8,10
          - used mask (string)    : 101010 101010

         ======================================================

1xN001:  =======================================
         Matrix computation (PBA)
         	[Gaps between metals are preserved]
         	[PBA version: default]
         Version 2019.4 (build 20190301)
         PBA version 2019030119
         2021 Apr 22 (Thu): 12:53:42
         =======================================

1xN001:  ----------------------------------------------
         Used point accuracy enhancement value: 71.00%.
         ----------------------------------------------

1xN001:  Shapes are ordered to support shape wise matrix storage
1xN001:  ==================================================================================================
         == CST Matrix Calculation Priority Log                                                          ==
         ==================================================================================================

         Priorities are sorted in ascending order beginning with the lowest priority

         Priority:   3, shape   1: component1:substrate, material: FR-4 (lossy)
         Priority:   4, shape   2: conductors:combined, material: Copper (annealed)

         ==================================================================================================

1xN001:  Gap-Detection activated for FARM-topology. Gaps are resolved, even partially.: gap tolerance value is 0.001 and mesh geometry scale is 0.001
1xN001:  cccccccccccccccccccccccccccccccccccccccccccccccccccccccccccccccccccc
         FARM/Meshfill cache is set to 8 (local FI domains: 8, dynamic: true)
         cccccccccccccccccccccccccccccccccccccccccccccccccccccccccccccccccccc

1xN001:  ssssssssssssssssssssssssssssssssssssssssss
         # of curls with SI accuracy enhancement: 0
         ssssssssssssssssssssssssssssssssssssssssss

1xN001:  ------------------------------------------------------------------------------
         PBA fill limit is applied in inverse mode.
         PBA fill limit is applied on faces filled with at least 99.00% metal material.
         --------------------------------------------------------------
         detailed accuracy settings:
         --------------------------------------------------------------
         augmented fill limit:       true
         augmented fill limit value: 99.00
         automatic fill limit:       true
         early fill limit:           true
         inverse fill limit:         true
         model complexity:           0.00
         legacy 2015:                false
         fixed point accuracy:       false
         minimum point accuracy:     0
         mesh step inheritance:      false
         accuracy mode:
         ------------------------------------------------------------------------------

1xN001:  =================================
         Finished matrix computation (PBA)
         =================================

1xN001:  >>>>>>>>>>>>>>>>>>>>>>>>
         2021 Apr22 (Thu): 125346
         >>>>>>>>>>>>>>>>>>>>>>>>



--------------------------------
# of staircase filled cells: 0
# of staircase filled areas: 0
# of staircase filled edges: 0
# of faces above fill limit: 0
# of edges with FPBA topology: 0
--------------------------------

======================================================
 - pinning rule in use   : PINNING_RULE_MCALC_SKIP_ALL
 - desired group         : 0, sockets = 0
 - num cores available   : 12
 - num accessible procs  : 12
 - num logical procs     : 12
 - affinity (main thread): 111111 111111 
 - sockets               : 0
 - potential cores       : 0,2,4,6,8,10
 - affinity              : 111111
 - active cores          : 0,2,4,6,8,10
 - hyperthreading        : on
 - allowed socket ids    : 0
 - allowed core ids      : 0,2,4,6,8,10
 - used mask (string)    : 101010 101010 
======================================================

========================================================================
Processing CAD model
	[Improved internal geometry representation]
	[Accuracy improvement for long shapes in inhomogeneous mesh regions]
Version 2019.4 (build 20190301)
PBA version 2019030119
2021 Apr 22 (Thu): 13:07:19
========================================================================

----------------------------------------------
Used point accuracy enhancement value: 71.00%.
----------------------------------------------

=============================================================================
Mesh statistics:
-----------------------------------------------------------------------------
Minimum edge length (x): 0.323 @ mesh line 31 (x)
Maximum edge length (x): 4.37 @ mesh line 63 (x)
Minimum face area (x): 0.0918 @ mesh lines 25 | 9 (y | z)
Maximum face area (x): 19.1 @ mesh lines 43 | 24 (y | z)
Minimum edge length (y): 0.245 @ mesh line 25 (y)
Maximum edge length (y): 4.37 @ mesh line 43 (y)
Minimum face area (y): 0.121 @ mesh lines 9 | 31 (z | x)
Maximum face area (y): 19.1 @ mesh lines 24 | 63 (z | x)
Minimum edge length (z): 0.375 @ mesh line 9 (z)
Maximum edge length (z): 4.37 @ mesh line 24 (z)
Minimum face area (z): 0.0791 @ mesh lines 31 | 25 (x | y)
Maximum face area (z): 19.1 @ mesh lines 63 | 43 (x | y)
Maximum mesh face aspect ratio (x): 17.8 : 1.0  @ mesh lines 25 | 24 (y | z)
Maximum mesh face aspect ratio (y): 13.5 : 1.0  @ mesh lines 24 | 31 (z | x)
Maximum mesh face aspect ratio (z): 17.8 : 1.0  @ mesh lines 63 | 25 (x | y)
=============================================================================

=============================================================================
Available resources to store TST cells: 2147403457 (2677894.32% of mesh size)
=============================================================================

==================================================================================================
== CST Matrix Calculation Priority Log                                                          ==
==================================================================================================
 
Priorities are sorted in ascending order beginning with the lowest priority
 
Priority:   1, shape   1: component1:substrate, material: FR-4 (lossy), float:   0.00e+00, wire: false, sheet: false, human: false, PEC: false, SI: false, face port:   0, feature ID:      -1
Priority:   2, shape   2: conductors:combined, material: Copper (annealed), float:   0.00e+00, wire: false, sheet: false, human: false, PEC:  true, SI:  true, face port:   0, feature ID:      -1
 
==================================================================================================
 
====================================================
PBA version: default
Geo accuracy: 71.000000
PEC background is represented by CAD geometry: false
Watertightness check: true
Self intersection check: false
Inheritance (all): false
Normal dominance (all): false
Normal dominance (ports): false
Flanges hollow: true
One shape per flange: false
====================================================
=======================
Finished CAD processing
=======================

------------------------------------------------------------
Parallelization Info
------------------------------------------------------------
Number of concurrent threads: 2
Number of node domains: 2
Number of mesh fill domains: 8
Memory downscale: 1
CPU load: 33.33%
Emptiness: 0.00%
Hex mesh complexity: 0.07
Geometric complexity: 0.00
------------------------------------------------------------
Node order
0, 1
------------------------------------------------------------

-----------------------------------
Mesh: # of points excl. TSTs: 80190
      # of points incl. TSTs: 80190
-----------------------------------

1xN000:  <<<<<<<<<<<<<<<<<<<<<<<<
         2021 Apr22 (Thu): 13         <<<<<<<<<<<<<<<<<<<<<<<<

1xN000:  ======================================================
          - pinning rule in use   : PINNING_RULE_MCALC_SKIP_ALL
          - desired group         : 0, sockets = 0
          - num cores available   : 12
          - num accessible procs  : 12
          - num logical procs     : 12
          - affinity (main thread): 111111 111111
          - sockets               : 0
          - potential cores       : 0,2,4,6,8,10
          - affinity              : 111111
          - active cores          : 0,2,4,6,8,10
          - hyperthreading        : on
          - allowed socket ids    : 0
          - allowed core ids      : 0,2,4,6,8,10
          - used mask (string)    : 101010 101010

         ======================================================

1xN000:  =======================================
         Matrix computation (PBA)
         	[Gaps between metals are preserved]
         	[PBA version: default]
         Version 2019.4 (build 20190301)
         PBA version 2019030119
         2021 Apr 22 (Thu): 13:07:20
         =======================================

1xN000:  ----------------------------------------------
         Used point accuracy enhancement value: 71.00%.
         ----------------------------------------------

1xN000:  Shapes are ordered to support shape wise matrix storage
1xN000:  ==================================================================================================
         == CST Matrix Calculation Priority Log                                                          ==
         ==================================================================================================

         Priorities are sorted in ascending order beginning with the lowest priority

         Priority:   3, shape   1: component1:substrate, material: FR-4 (lossy)
         Priority:   4, shape   2: conductors:combined, material: Copper (annealed)

         ==================================================================================================

1xN000:  Gap-Detection activated for FARM-topology. Gaps are resolved, even partially.: gap tolerance value is 0.001 and mesh geometry scale is 0.001
1xN000:  cccccccccccccccccccccccccccccccccccccccccccccccccccccccccccccccccccc
         FARM/Meshfill cache is set to 8 (local FI domains: 8, dynamic: true)
         cccccccccccccccccccccccccccccccccccccccccccccccccccccccccccccccccccc

1xN000:  ssssssssssssssssssssssssssssssssssssssssss
         # of curls with SI accuracy enhancement: 0
         ssssssssssssssssssssssssssssssssssssssssss

1xN000:  ------------------------------------------------------------------------------
         PBA fill limit is applied in inverse mode.
         PBA fill limit is applied on faces filled with at least 99.00% metal material.
         --------------------------------------------------------------
         detailed accuracy settings:
         --------------------------------------------------------------
         augmented fill limit:       true
         augmented fill limit value: 99.00
         automatic fill limit:       true
         early fill limit:           true
         inverse fill limit:         true
         model complexity:           0.00
         legacy 2015:                false
         fixed point accuracy:       false
         minimum point accuracy:     0
         mesh step inheritance:      false
         accuracy mode:
         ------------------------------------------------------------------------------

1xN000:  =================================
         Finished matrix computation (PBA)
         =================================

1xN000:  >>>>>>>>>>>>>>>>>>>>>>>>
         2021 Apr22 (Thu): 13         >>>>>>>>>>>>>>>>>>>>>>>>



1xN001:  <<<<<<<<<<<<<<<<<<<<<<<<
         2021 Apr22 (Thu): 13         <<<<<<<<<<<<<<<<<<<<<<<<

1xN001:  ======================================================
          - pinning rule in use   : PINNING_RULE_MCALC_SKIP_ALL
          - desired group         : 0, sockets = 0
          - num cores available   : 12
          - num accessible procs  : 12
          - num logical procs     : 12
          - affinity (main thread): 111111 111111
          - sockets               : 0
          - potential cores       : 0,2,4,6,8,10
          - affinity              : 111111
          - active cores          : 0,2,4,6,8,10
          - hyperthreading        : on
          - allowed socket ids    : 0
          - allowed core ids      : 0,2,4,6,8,10
          - used mask (string)    : 101010 101010

         ======================================================

1xN001:  =======================================
         Matrix computation (PBA)
         	[Gaps between metals are preserved]
         	[PBA version: default]
         Version 2019.4 (build 20190301)
         PBA version 2019030119
         2021 Apr 22 (Thu): 13:07:20
         =======================================

1xN001:  ----------------------------------------------
         Used point accuracy enhancement value: 71.00%.
         ----------------------------------------------

1xN001:  Shapes are ordered to support shape wise matrix storage
1xN001:  ==================================================================================================
         == CST Matrix Calculation Priority Log                                                          ==
         ==================================================================================================

         Priorities are sorted in ascending order beginning with the lowest priority

         Priority:   3, shape   1: component1:substrate, material: FR-4 (lossy)
         Priority:   4, shape   2: conductors:combined, material: Copper (annealed)

         ==================================================================================================

1xN001:  Gap-Detection activated for FARM-topology. Gaps are resolved, even partially.: gap tolerance value is 0.001 and mesh geometry scale is 0.001
1xN001:  cccccccccccccccccccccccccccccccccccccccccccccccccccccccccccccccccccc
         FARM/Meshfill cache is set to 8 (local FI domains: 8, dynamic: true)
         cccccccccccccccccccccccccccccccccccccccccccccccccccccccccccccccccccc

1xN001:  ssssssssssssssssssssssssssssssssssssssssss
         # of curls with SI accuracy enhancement: 0
         ssssssssssssssssssssssssssssssssssssssssss

1xN001:  ------------------------------------------------------------------------------
         PBA fill limit is applied in inverse mode.
         PBA fill limit is applied on faces filled with at least 99.00% metal material.
         --------------------------------------------------------------
         detailed accuracy settings:
         --------------------------------------------------------------
         augmented fill limit:       true
         augmented fill limit value: 99.00
         automatic fill limit:       true
         early fill limit:           true
         inverse fill limit:         true
         model complexity:           0.00
         legacy 2015:                false
         fixed point accuracy:       false
         minimum point accuracy:     0
         mesh step inheritance:      false
         accuracy mode:
         ------------------------------------------------------------------------------

1xN001:  =================================
         Finished matrix computation (PBA)
         =================================

1xN001:  >>>>>>>>>>>>>>>>>>>>>>>>
         2021 Apr22 (Thu): 13         >>>>>>>>>>>>>>>>>>>>>>>>



--------------------------------
# of staircase filled cells: 0
# of staircase filled areas: 0
# of staircase filled edges: 0
# of faces above fill limit: 0
# of edges with FPBA topology: 0
--------------------------------

