Port monitor named: Port1_e1[3.6].prt

nx        = 66
ny        = 45
nz        = 27

nu        = 15
nv        = 20
iu        = 7
iv        = 24

idir      = 1
dcut      = 0.000000e+000
icut      = 9
type      = 0
frequency = 3.600000e+009

fcutoff   = 0.000000e+000
alpha     = 0.000000e+000
beta      = 1.209042e+002
accuracy  = 1.705496e-011

type          = QTEM
wave imp.     = 2.350991e+002
wave imp.sig. = 0.000000e+000
line imp.     = 1.066067e+002

ref. port     = 0

-1.328695e+001  -3.562025e+001  -4.163032e+001  -5.133367e+000  -1.884532e+000  1.398410e+000  4.667257e+000  2.946953e+001  3.296423e+001  3.588527e+001  4.143087e+001  4.033478e+001  2.754937e+001  9.620731e+000  0.000000e+000  
-1.483497e+001  -4.123651e+001  -5.155197e+001  -6.424923e+000  -2.435930e+000  1.610477e+000  5.648989e+000  3.589199e+001  4.014392e+001  4.360377e+001  4.988521e+001  4.650045e+001  3.050734e+001  1.043287e+001  0.000000e+000  
-1.897191e+001  -5.819271e+001  -8.752130e+001  -1.144789e+001  -4.881323e+000  2.017960e+000  9.099064e+000  5.960767e+001  6.691333e+001  7.233997e+001  8.050617e+001  6.583519e+001  3.854131e+001  1.242844e+001  0.000000e+000  
-2.319009e+001  -8.357106e+001  -1.729202e+002  -2.930933e+001  -1.877344e+001  -4.068823e+000  1.436324e+001  1.189089e+002  1.389051e+002  1.499818e+002  1.544556e+002  9.785331e+001  4.719632e+001  1.382448e+001  0.000000e+000  
-2.061627e+001  -9.507346e+001  -3.360391e+002  -1.438441e+002  -1.615623e+002  -1.264525e+002  -2.716957e+001  2.762563e+002  3.901378e+002  4.128566e+002  3.068136e+002  1.204698e+002  4.297555e+001  1.099462e+001  0.000000e+000  
-1.770351e+001  -8.611768e+001  -3.661020e+002  -3.037370e+002  -4.228402e+002  -4.323779e+002  -2.149587e+002  4.854189e+002  7.037243e+002  6.616870e+002  3.428267e+002  1.113745e+002  3.709592e+001  9.268789e+000  0.000000e+000  
-1.391647e+001  -7.150164e+001  -3.707137e+002  -5.292148e+002  -8.626567e+002  -1.109187e+003  -8.766037e+002  1.131143e+003  1.291779e+003  1.006792e+003  3.575942e+002  9.451928e+001  2.931355e+001  7.166243e+000  0.000000e+000  
-9.337166e+000  -5.036600e+001  -3.158273e+002  -7.350574e+002  -1.442844e+003  -2.568477e+003  -4.226586e+003  4.165770e+003  2.349816e+003  1.338103e+003  3.153483e+002  6.795919e+001  1.975698e+001  4.745489e+000  0.000000e+000  
-5.712954e+000  -3.160899e+001  -2.193526e+002  -6.535766e+002  -1.436549e+003  -3.071933e+003  -6.569868e+003  6.432808e+003  2.592046e+003  1.200800e+003  2.238427e+002  4.312271e+001  1.211660e+001  2.884745e+000  0.000000e+000  
-2.108488e+000  -1.183904e+001  -8.752310e+001  -3.122128e+002  -7.786339e+002  -2.123084e+003  -6.923504e+003  6.343432e+003  1.627330e+003  5.912017e+002  9.085755e+001  1.625946e+001  4.477859e+000  1.060850e+000  0.000000e+000  
2.108488e+000  1.183904e+001  8.752310e+001  3.122128e+002  7.786339e+002  2.123084e+003  6.923504e+003  -6.343432e+003  -1.627330e+003  -5.912017e+002  -9.085755e+001  -1.625946e+001  -4.477859e+000  -1.060850e+000  0.000000e+000  
5.712954e+000  3.160899e+001  2.193526e+002  6.535766e+002  1.436549e+003  3.071933e+003  6.569868e+003  -6.432808e+003  -2.592046e+003  -1.200800e+003  -2.238427e+002  -4.312271e+001  -1.211660e+001  -2.884745e+000  0.000000e+000  
9.337166e+000  5.036600e+001  3.158273e+002  7.350574e+002  1.442844e+003  2.568477e+003  4.226586e+003  -4.165770e+003  -2.349816e+003  -1.338103e+003  -3.153483e+002  -6.795919e+001  -1.975698e+001  -4.745489e+000  0.000000e+000  
1.391647e+001  7.150164e+001  3.707137e+002  5.292148e+002  8.626567e+002  1.109187e+003  8.766037e+002  -1.131143e+003  -1.291779e+003  -1.006792e+003  -3.575942e+002  -9.451928e+001  -2.931355e+001  -7.166243e+000  0.000000e+000  
1.770351e+001  8.611768e+001  3.661020e+002  3.037370e+002  4.228402e+002  4.323779e+002  2.149587e+002  -4.854189e+002  -7.037243e+002  -6.616870e+002  -3.428267e+002  -1.113745e+002  -3.709592e+001  -9.268789e+000  0.000000e+000  
2.061627e+001  9.507346e+001  3.360391e+002  1.438441e+002  1.615623e+002  1.264525e+002  2.716957e+001  -2.762563e+002  -3.901378e+002  -4.128566e+002  -3.068136e+002  -1.204698e+002  -4.297555e+001  -1.099462e+001  0.000000e+000  
2.319009e+001  8.357106e+001  1.729202e+002  2.930933e+001  1.877344e+001  4.068823e+000  -1.436324e+001  -1.189089e+002  -1.389051e+002  -1.499818e+002  -1.544556e+002  -9.785331e+001  -4.719632e+001  -1.382448e+001  0.000000e+000  
1.897191e+001  5.819271e+001  8.752130e+001  1.144789e+001  4.881323e+000  -2.017960e+000  -9.099064e+000  -5.960767e+001  -6.691333e+001  -7.233997e+001  -8.050617e+001  -6.583519e+001  -3.854131e+001  -1.242844e+001  0.000000e+000  
1.483497e+001  4.123651e+001  5.155197e+001  6.424922e+000  2.435930e+000  -1.610477e+000  -5.648989e+000  -3.589199e+001  -4.014392e+001  -4.360377e+001  -4.988521e+001  -4.650045e+001  -3.050734e+001  -1.043287e+001  0.000000e+000  
1.328695e+001  3.562025e+001  4.163032e+001  5.133367e+000  1.884532e+000  -1.398410e+000  -4.667257e+000  -2.946953e+001  -3.296423e+001  -3.588527e+001  -4.143087e+001  -4.033478e+001  -2.754937e+001  -9.620731e+000  0.000000e+000  

6.057267e+000  4.073474e+000  -3.187061e+000  -1.618861e+001  -1.642560e+001  -1.650039e+001  -1.640945e+001  -1.615242e+001  -1.466839e+001  -1.303887e+001  -1.131053e+001  -4.268541e+000  2.262164e+000  5.335556e+000  6.167367e+000  
2.078728e+001  1.552321e+001  -6.303948e+000  -5.324199e+001  -5.414097e+001  -5.448521e+001  -5.423025e+001  -5.334683e+001  -4.792526e+001  -4.191474e+001  -3.554603e+001  -1.026916e+001  1.004600e+001  1.829069e+001  2.029462e+001  
4.266555e+001  3.746074e+001  5.163034e+000  -1.055396e+002  -1.085953e+002  -1.107542e+002  -1.113765e+002  -1.098722e+002  -9.654524e+001  -8.069779e+001  -6.381115e+001  -3.710493e+000  2.930450e+001  3.775634e+001  3.898010e+001  
7.148712e+001  7.562930e+001  6.112619e+001  -1.654164e+002  -1.860776e+002  -2.115401e+002  -2.329566e+002  -2.393275e+002  -2.020961e+002  -1.440025e+002  -8.367932e+001  4.747402e+001  7.072378e+001  6.447394e+001  6.078975e+001  
8.765242e+001  1.058685e+002  1.621510e+002  -1.363488e+001  -1.376882e+002  -3.408594e+002  -5.786452e+002  -7.236149e+002  -5.177615e+002  -2.114465e+002  3.081282e+001  1.596077e+002  1.112035e+002  8.058173e+001  7.157835e+001  
9.293800e+001  1.164664e+002  2.070749e+002  1.856334e+002  1.058004e+001  -3.322092e+002  -8.600367e+002  -1.375242e+003  -7.435019e+002  -1.702001e+002  1.650299e+002  2.127343e+002  1.259759e+002  8.591517e+001  7.503649e+001  
9.711639e+001  1.254531e+002  2.555162e+002  5.933132e+002  4.336901e+002  -1.954915e+001  -1.160067e+003  -3.637447e+003  -9.094873e+002  1.203615e+002  4.402648e+002  2.734715e+002  1.390180e+002  9.018203e+001  7.772200e+001  
9.952546e+001  1.309637e+002  2.925237e+002  1.116409e+003  1.206812e+003  1.212124e+003  6.556774e+002  0.000000e+000  6.817381e+002  1.006557e+003  8.123240e+002  3.225318e+002  1.473038e+002  9.266649e+001  7.924874e+001  
1.007197e+002  1.337838e+002  3.137441e+002  1.502135e+003  1.899377e+003  2.660489e+003  3.754944e+003  0.000000e+000  3.404279e+003  1.992547e+003  1.099930e+003  3.515562e+002  1.516223e+002  9.390425e+001  8.000035e+001  
1.011799e+002  1.348907e+002  3.226791e+002  1.697129e+003  2.329986e+003  3.902856e+003  8.191879e+003  1.979685e+004  6.891446e+003  2.758592e+003  1.253613e+003  3.640618e+002  1.533356e+002  9.438254e+001  8.028886e+001  
1.007197e+002  1.337838e+002  3.137441e+002  1.502135e+003  1.899377e+003  2.660489e+003  3.754944e+003  0.000000e+000  3.404279e+003  1.992547e+003  1.099930e+003  3.515562e+002  1.516223e+002  9.390425e+001  8.000035e+001  
9.952546e+001  1.309637e+002  2.925237e+002  1.116409e+003  1.206812e+003  1.212124e+003  6.556774e+002  0.000000e+000  6.817381e+002  1.006557e+003  8.123240e+002  3.225318e+002  1.473038e+002  9.266649e+001  7.924874e+001  
9.711639e+001  1.254531e+002  2.555162e+002  5.933132e+002  4.336901e+002  -1.954915e+001  -1.160067e+003  -3.637447e+003  -9.094873e+002  1.203615e+002  4.402648e+002  2.734715e+002  1.390180e+002  9.018203e+001  7.772200e+001  
9.293800e+001  1.164664e+002  2.070749e+002  1.856334e+002  1.058004e+001  -3.322092e+002  -8.600367e+002  -1.375242e+003  -7.435019e+002  -1.702001e+002  1.650299e+002  2.127343e+002  1.259759e+002  8.591517e+001  7.503649e+001  
8.765242e+001  1.058685e+002  1.621510e+002  -1.363488e+001  -1.376882e+002  -3.408594e+002  -5.786452e+002  -7.236149e+002  -5.177615e+002  -2.114465e+002  3.081282e+001  1.596077e+002  1.112035e+002  8.058173e+001  7.157835e+001  
7.148712e+001  7.562930e+001  6.112619e+001  -1.654164e+002  -1.860776e+002  -2.115401e+002  -2.329566e+002  -2.393275e+002  -2.020961e+002  -1.440025e+002  -8.367932e+001  4.747402e+001  7.072378e+001  6.447394e+001  6.078975e+001  
4.266555e+001  3.746074e+001  5.163034e+000  -1.055396e+002  -1.085953e+002  -1.107542e+002  -1.113765e+002  -1.098722e+002  -9.654524e+001  -8.069779e+001  -6.381115e+001  -3.710493e+000  2.930450e+001  3.775634e+001  3.898010e+001  
2.078728e+001  1.552321e+001  -6.303948e+000  -5.324199e+001  -5.414097e+001  -5.448521e+001  -5.423025e+001  -5.334683e+001  -4.792526e+001  -4.191474e+001  -3.554603e+001  -1.026916e+001  1.004600e+001  1.829069e+001  2.029462e+001  
6.057267e+000  4.073474e+000  -3.187061e+000  -1.618861e+001  -1.642560e+001  -1.650039e+001  -1.640945e+001  -1.615242e+001  -1.466839e+001  -1.303887e+001  -1.131053e+001  -4.268541e+000  2.262164e+000  5.335556e+000  6.167367e+000  
0.000000e+000  0.000000e+000  0.000000e+000  0.000000e+000  0.000000e+000  0.000000e+000  0.000000e+000  0.000000e+000  0.000000e+000  0.000000e+000  0.000000e+000  0.000000e+000  0.000000e+000  0.000000e+000  0.000000e+000  

0.000000e+000  0.000000e+000  0.000000e+000  0.000000e+000  0.000000e+000  0.000000e+000  0.000000e+000  0.000000e+000  0.000000e+000  0.000000e+000  0.000000e+000  0.000000e+000  0.000000e+000  0.000000e+000  0.000000e+000  
0.000000e+000  0.000000e+000  0.000000e+000  0.000000e+000  0.000000e+000  0.000000e+000  0.000000e+000  0.000000e+000  0.000000e+000  0.000000e+000  0.000000e+000  0.000000e+000  0.000000e+000  0.000000e+000  0.000000e+000  
0.000000e+000  0.000000e+000  0.000000e+000  0.000000e+000  0.000000e+000  0.000000e+000  0.000000e+000  0.000000e+000  0.000000e+000  0.000000e+000  0.000000e+000  0.000000e+000  0.000000e+000  0.000000e+000  0.000000e+000  
0.000000e+000  0.000000e+000  0.000000e+000  0.000000e+000  0.000000e+000  0.000000e+000  0.000000e+000  0.000000e+000  0.000000e+000  0.000000e+000  0.000000e+000  0.000000e+000  0.000000e+000  0.000000e+000  0.000000e+000  
0.000000e+000  0.000000e+000  0.000000e+000  0.000000e+000  0.000000e+000  0.000000e+000  0.000000e+000  0.000000e+000  0.000000e+000  0.000000e+000  0.000000e+000  0.000000e+000  0.000000e+000  0.000000e+000  0.000000e+000  
0.000000e+000  0.000000e+000  0.000000e+000  0.000000e+000  0.000000e+000  0.000000e+000  0.000000e+000  0.000000e+000  0.000000e+000  0.000000e+000  0.000000e+000  0.000000e+000  0.000000e+000  0.000000e+000  0.000000e+000  
0.000000e+000  0.000000e+000  0.000000e+000  0.000000e+000  0.000000e+000  0.000000e+000  0.000000e+000  0.000000e+000  0.000000e+000  0.000000e+000  0.000000e+000  0.000000e+000  0.000000e+000  0.000000e+000  0.000000e+000  
0.000000e+000  0.000000e+000  0.000000e+000  0.000000e+000  0.000000e+000  0.000000e+000  0.000000e+000  0.000000e+000  0.000000e+000  0.000000e+000  0.000000e+000  0.000000e+000  0.000000e+000  0.000000e+000  0.000000e+000  
0.000000e+000  0.000000e+000  0.000000e+000  0.000000e+000  0.000000e+000  0.000000e+000  0.000000e+000  0.000000e+000  0.000000e+000  0.000000e+000  0.000000e+000  0.000000e+000  0.000000e+000  0.000000e+000  0.000000e+000  
0.000000e+000  0.000000e+000  0.000000e+000  0.000000e+000  0.000000e+000  0.000000e+000  0.000000e+000  0.000000e+000  0.000000e+000  0.000000e+000  0.000000e+000  0.000000e+000  0.000000e+000  0.000000e+000  0.000000e+000  
0.000000e+000  0.000000e+000  0.000000e+000  0.000000e+000  0.000000e+000  0.000000e+000  0.000000e+000  0.000000e+000  0.000000e+000  0.000000e+000  0.000000e+000  0.000000e+000  0.000000e+000  0.000000e+000  0.000000e+000  
0.000000e+000  0.000000e+000  0.000000e+000  0.000000e+000  0.000000e+000  0.000000e+000  0.000000e+000  0.000000e+000  0.000000e+000  0.000000e+000  0.000000e+000  0.000000e+000  0.000000e+000  0.000000e+000  0.000000e+000  
0.000000e+000  0.000000e+000  0.000000e+000  0.000000e+000  0.000000e+000  0.000000e+000  0.000000e+000  0.000000e+000  0.000000e+000  0.000000e+000  0.000000e+000  0.000000e+000  0.000000e+000  0.000000e+000  0.000000e+000  
0.000000e+000  0.000000e+000  0.000000e+000  0.000000e+000  0.000000e+000  0.000000e+000  0.000000e+000  0.000000e+000  0.000000e+000  0.000000e+000  0.000000e+000  0.000000e+000  0.000000e+000  0.000000e+000  0.000000e+000  
0.000000e+000  0.000000e+000  0.000000e+000  0.000000e+000  0.000000e+000  0.000000e+000  0.000000e+000  0.000000e+000  0.000000e+000  0.000000e+000  0.000000e+000  0.000000e+000  0.000000e+000  0.000000e+000  0.000000e+000  
0.000000e+000  0.000000e+000  0.000000e+000  0.000000e+000  0.000000e+000  0.000000e+000  0.000000e+000  0.000000e+000  0.000000e+000  0.000000e+000  0.000000e+000  0.000000e+000  0.000000e+000  0.000000e+000  0.000000e+000  
0.000000e+000  0.000000e+000  0.000000e+000  0.000000e+000  0.000000e+000  0.000000e+000  0.000000e+000  0.000000e+000  0.000000e+000  0.000000e+000  0.000000e+000  0.000000e+000  0.000000e+000  0.000000e+000  0.000000e+000  
0.000000e+000  0.000000e+000  0.000000e+000  0.000000e+000  0.000000e+000  0.000000e+000  0.000000e+000  0.000000e+000  0.000000e+000  0.000000e+000  0.000000e+000  0.000000e+000  0.000000e+000  0.000000e+000  0.000000e+000  
0.000000e+000  0.000000e+000  0.000000e+000  0.000000e+000  0.000000e+000  0.000000e+000  0.000000e+000  0.000000e+000  0.000000e+000  0.000000e+000  0.000000e+000  0.000000e+000  0.000000e+000  0.000000e+000  0.000000e+000  
0.000000e+000  0.000000e+000  0.000000e+000  0.000000e+000  0.000000e+000  0.000000e+000  0.000000e+000  0.000000e+000  0.000000e+000  0.000000e+000  0.000000e+000  0.000000e+000  0.000000e+000  0.000000e+000  0.000000e+000  

0.000000e+000  0.000000e+000  0.000000e+000  0.000000e+000  0.000000e+000  0.000000e+000  0.000000e+000  0.000000e+000  0.000000e+000  0.000000e+000  0.000000e+000  0.000000e+000  0.000000e+000  0.000000e+000  0.000000e+000  
0.000000e+000  0.000000e+000  0.000000e+000  0.000000e+000  0.000000e+000  0.000000e+000  0.000000e+000  0.000000e+000  0.000000e+000  0.000000e+000  0.000000e+000  0.000000e+000  0.000000e+000  0.000000e+000  0.000000e+000  
0.000000e+000  0.000000e+000  0.000000e+000  0.000000e+000  0.000000e+000  0.000000e+000  0.000000e+000  0.000000e+000  0.000000e+000  0.000000e+000  0.000000e+000  0.000000e+000  0.000000e+000  0.000000e+000  0.000000e+000  
0.000000e+000  0.000000e+000  0.000000e+000  0.000000e+000  0.000000e+000  0.000000e+000  0.000000e+000  0.000000e+000  0.000000e+000  0.000000e+000  0.000000e+000  0.000000e+000  0.000000e+000  0.000000e+000  0.000000e+000  
0.000000e+000  0.000000e+000  0.000000e+000  0.000000e+000  0.000000e+000  0.000000e+000  0.000000e+000  0.000000e+000  0.000000e+000  0.000000e+000  0.000000e+000  0.000000e+000  0.000000e+000  0.000000e+000  0.000000e+000  
0.000000e+000  0.000000e+000  0.000000e+000  0.000000e+000  0.000000e+000  0.000000e+000  0.000000e+000  0.000000e+000  0.000000e+000  0.000000e+000  0.000000e+000  0.000000e+000  0.000000e+000  0.000000e+000  0.000000e+000  
0.000000e+000  0.000000e+000  0.000000e+000  0.000000e+000  0.000000e+000  0.000000e+000  0.000000e+000  0.000000e+000  0.000000e+000  0.000000e+000  0.000000e+000  0.000000e+000  0.000000e+000  0.000000e+000  0.000000e+000  
0.000000e+000  0.000000e+000  0.000000e+000  0.000000e+000  0.000000e+000  0.000000e+000  0.000000e+000  0.000000e+000  0.000000e+000  0.000000e+000  0.000000e+000  0.000000e+000  0.000000e+000  0.000000e+000  0.000000e+000  
0.000000e+000  0.000000e+000  0.000000e+000  0.000000e+000  0.000000e+000  0.000000e+000  0.000000e+000  0.000000e+000  0.000000e+000  0.000000e+000  0.000000e+000  0.000000e+000  0.000000e+000  0.000000e+000  0.000000e+000  
0.000000e+000  0.000000e+000  0.000000e+000  0.000000e+000  0.000000e+000  0.000000e+000  0.000000e+000  0.000000e+000  0.000000e+000  0.000000e+000  0.000000e+000  0.000000e+000  0.000000e+000  0.000000e+000  0.000000e+000  
0.000000e+000  0.000000e+000  0.000000e+000  0.000000e+000  0.000000e+000  0.000000e+000  0.000000e+000  0.000000e+000  0.000000e+000  0.000000e+000  0.000000e+000  0.000000e+000  0.000000e+000  0.000000e+000  0.000000e+000  
0.000000e+000  0.000000e+000  0.000000e+000  0.000000e+000  0.000000e+000  0.000000e+000  0.000000e+000  0.000000e+000  0.000000e+000  0.000000e+000  0.000000e+000  0.000000e+000  0.000000e+000  0.000000e+000  0.000000e+000  
0.000000e+000  0.000000e+000  0.000000e+000  0.000000e+000  0.000000e+000  0.000000e+000  0.000000e+000  0.000000e+000  0.000000e+000  0.000000e+000  0.000000e+000  0.000000e+000  0.000000e+000  0.000000e+000  0.000000e+000  
0.000000e+000  0.000000e+000  0.000000e+000  0.000000e+000  0.000000e+000  0.000000e+000  0.000000e+000  0.000000e+000  0.000000e+000  0.000000e+000  0.000000e+000  0.000000e+000  0.000000e+000  0.000000e+000  0.000000e+000  
0.000000e+000  0.000000e+000  0.000000e+000  0.000000e+000  0.000000e+000  0.000000e+000  0.000000e+000  0.000000e+000  0.000000e+000  0.000000e+000  0.000000e+000  0.000000e+000  0.000000e+000  0.000000e+000  0.000000e+000  
0.000000e+000  0.000000e+000  0.000000e+000  0.000000e+000  0.000000e+000  0.000000e+000  0.000000e+000  0.000000e+000  0.000000e+000  0.000000e+000  0.000000e+000  0.000000e+000  0.000000e+000  0.000000e+000  0.000000e+000  
0.000000e+000  0.000000e+000  0.000000e+000  0.000000e+000  0.000000e+000  0.000000e+000  0.000000e+000  0.000000e+000  0.000000e+000  0.000000e+000  0.000000e+000  0.000000e+000  0.000000e+000  0.000000e+000  0.000000e+000  
0.000000e+000  0.000000e+000  0.000000e+000  0.000000e+000  0.000000e+000  0.000000e+000  0.000000e+000  0.000000e+000  0.000000e+000  0.000000e+000  0.000000e+000  0.000000e+000  0.000000e+000  0.000000e+000  0.000000e+000  
0.000000e+000  0.000000e+000  0.000000e+000  0.000000e+000  0.000000e+000  0.000000e+000  0.000000e+000  0.000000e+000  0.000000e+000  0.000000e+000  0.000000e+000  0.000000e+000  0.000000e+000  0.000000e+000  0.000000e+000  
0.000000e+000  0.000000e+000  0.000000e+000  0.000000e+000  0.000000e+000  0.000000e+000  0.000000e+000  0.000000e+000  0.000000e+000  0.000000e+000  0.000000e+000  0.000000e+000  0.000000e+000  0.000000e+000  0.000000e+000  

0.000000e+000  0.000000e+000  0.000000e+000  0.000000e+000  0.000000e+000  0.000000e+000  0.000000e+000  0.000000e+000  0.000000e+000  0.000000e+000  0.000000e+000  0.000000e+000  0.000000e+000  0.000000e+000  0.000000e+000  
0.000000e+000  0.000000e+000  0.000000e+000  0.000000e+000  0.000000e+000  0.000000e+000  0.000000e+000  0.000000e+000  0.000000e+000  0.000000e+000  0.000000e+000  0.000000e+000  0.000000e+000  0.000000e+000  0.000000e+000  
0.000000e+000  0.000000e+000  0.000000e+000  0.000000e+000  0.000000e+000  0.000000e+000  0.000000e+000  0.000000e+000  0.000000e+000  0.000000e+000  0.000000e+000  0.000000e+000  0.000000e+000  0.000000e+000  0.000000e+000  
0.000000e+000  0.000000e+000  0.000000e+000  0.000000e+000  0.000000e+000  0.000000e+000  0.000000e+000  0.000000e+000  0.000000e+000  0.000000e+000  0.000000e+000  0.000000e+000  0.000000e+000  0.000000e+000  0.000000e+000  
0.000000e+000  0.000000e+000  0.000000e+000  0.000000e+000  0.000000e+000  0.000000e+000  0.000000e+000  0.000000e+000  0.000000e+000  0.000000e+000  0.000000e+000  0.000000e+000  0.000000e+000  0.000000e+000  0.000000e+000  
0.000000e+000  0.000000e+000  0.000000e+000  0.000000e+000  0.000000e+000  0.000000e+000  0.000000e+000  0.000000e+000  0.000000e+000  0.000000e+000  0.000000e+000  0.000000e+000  0.000000e+000  0.000000e+000  0.000000e+000  
0.000000e+000  0.000000e+000  0.000000e+000  0.000000e+000  0.000000e+000  0.000000e+000  0.000000e+000  0.000000e+000  0.000000e+000  0.000000e+000  0.000000e+000  0.000000e+000  0.000000e+000  0.000000e+000  0.000000e+000  
0.000000e+000  0.000000e+000  0.000000e+000  0.000000e+000  0.000000e+000  0.000000e+000  0.000000e+000  0.000000e+000  0.000000e+000  0.000000e+000  0.000000e+000  0.000000e+000  0.000000e+000  0.000000e+000  0.000000e+000  
0.000000e+000  0.000000e+000  0.000000e+000  0.000000e+000  0.000000e+000  0.000000e+000  0.000000e+000  0.000000e+000  0.000000e+000  0.000000e+000  0.000000e+000  0.000000e+000  0.000000e+000  0.000000e+000  0.000000e+000  
0.000000e+000  0.000000e+000  0.000000e+000  0.000000e+000  0.000000e+000  0.000000e+000  0.000000e+000  0.000000e+000  0.000000e+000  0.000000e+000  0.000000e+000  0.000000e+000  0.000000e+000  0.000000e+000  0.000000e+000  
0.000000e+000  0.000000e+000  0.000000e+000  0.000000e+000  0.000000e+000  0.000000e+000  0.000000e+000  0.000000e+000  0.000000e+000  0.000000e+000  0.000000e+000  0.000000e+000  0.000000e+000  0.000000e+000  0.000000e+000  
0.000000e+000  0.000000e+000  0.000000e+000  0.000000e+000  0.000000e+000  0.000000e+000  0.000000e+000  0.000000e+000  0.000000e+000  0.000000e+000  0.000000e+000  0.000000e+000  0.000000e+000  0.000000e+000  0.000000e+000  
0.000000e+000  0.000000e+000  0.000000e+000  0.000000e+000  0.000000e+000  0.000000e+000  0.000000e+000  0.000000e+000  0.000000e+000  0.000000e+000  0.000000e+000  0.000000e+000  0.000000e+000  0.000000e+000  0.000000e+000  
0.000000e+000  0.000000e+000  0.000000e+000  0.000000e+000  0.000000e+000  0.000000e+000  0.000000e+000  0.000000e+000  0.000000e+000  0.000000e+000  0.000000e+000  0.000000e+000  0.000000e+000  0.000000e+000  0.000000e+000  
0.000000e+000  0.000000e+000  0.000000e+000  0.000000e+000  0.000000e+000  0.000000e+000  0.000000e+000  0.000000e+000  0.000000e+000  0.000000e+000  0.000000e+000  0.000000e+000  0.000000e+000  0.000000e+000  0.000000e+000  
0.000000e+000  0.000000e+000  0.000000e+000  0.000000e+000  0.000000e+000  0.000000e+000  0.000000e+000  0.000000e+000  0.000000e+000  0.000000e+000  0.000000e+000  0.000000e+000  0.000000e+000  0.000000e+000  0.000000e+000  
0.000000e+000  0.000000e+000  0.000000e+000  0.000000e+000  0.000000e+000  0.000000e+000  0.000000e+000  0.000000e+000  0.000000e+000  0.000000e+000  0.000000e+000  0.000000e+000  0.000000e+000  0.000000e+000  0.000000e+000  
0.000000e+000  0.000000e+000  0.000000e+000  0.000000e+000  0.000000e+000  0.000000e+000  0.000000e+000  0.000000e+000  0.000000e+000  0.000000e+000  0.000000e+000  0.000000e+000  0.000000e+000  0.000000e+000  0.000000e+000  
0.000000e+000  0.000000e+000  0.000000e+000  0.000000e+000  0.000000e+000  0.000000e+000  0.000000e+000  0.000000e+000  0.000000e+000  0.000000e+000  0.000000e+000  0.000000e+000  0.000000e+000  0.000000e+000  0.000000e+000  
0.000000e+000  0.000000e+000  0.000000e+000  0.000000e+000  0.000000e+000  0.000000e+000  0.000000e+000  0.000000e+000  0.000000e+000  0.000000e+000  0.000000e+000  0.000000e+000  0.000000e+000  0.000000e+000  0.000000e+000  

3.098583e+001  3.360923e+001  4.091276e+001  5.057475e+001  5.055299e+001  5.035717e+001  4.999145e+001  4.946036e+001  4.747389e+001  4.547185e+001  4.347877e+001  3.616776e+001  2.863879e+001  2.406342e+001  2.254349e+001  
3.011669e+001  3.296566e+001  4.111734e+001  5.240737e+001  5.232314e+001  5.205918e+001  5.162315e+001  5.102252e+001  4.869619e+001  4.637429e+001  4.408774e+001  3.593818e+001  2.792087e+001  2.319804e+001  2.165169e+001  
2.720394e+001  3.063806e+001  4.127853e+001  5.814137e+001  5.774256e+001  5.715470e+001  5.640806e+001  5.552781e+001  5.196737e+001  4.852720e+001  4.525479e+001  3.461577e+001  2.542389e+001  2.045310e+001  1.888867e+001  
2.142639e+001  2.539707e+001  3.957817e+001  6.870023e+001  6.686231e+001  6.491691e+001  6.301295e+001  6.125659e+001  5.482557e+001  4.904744e+001  4.392016e+001  3.000656e+001  2.019085e+001  1.549739e+001  1.409948e+001  
1.272280e+001  1.614847e+001  3.166963e+001  8.455434e+001  7.564010e+001  6.785392e+001  6.163387e+001  5.726450e+001  4.652506e+001  3.839442e+001  3.208945e+001  1.926486e+001  1.195989e+001  8.828392e+000  7.937313e+000  
1.026360e+001  1.319811e+001  2.727168e+001  8.606546e+001  7.231964e+001  6.132222e+001  5.290181e+001  4.720187e+001  3.760611e+001  3.105567e+001  2.611625e+001  1.566943e+001  9.636371e+000  7.069728e+000  6.343564e+000  
7.663573e+000  9.967574e+000  2.169595e+001  8.283605e+001  6.432344e+001  5.042180e+001  3.958599e+001  3.142984e+001  2.557090e+001  2.209130e+001  1.923841e+001  1.174165e+001  7.184991e+000  5.247191e+000  4.700986e+000  
4.952175e+000  6.497507e+000  1.480154e+001  6.845435e+001  4.861837e+001  3.437754e+001  2.178492e+001  0.000000e+000  1.109310e+001  1.251511e+001  1.201393e+001  7.587342e+000  4.636812e+000  3.376158e+000  3.021536e+000  
2.976135e+000  3.921628e+000  9.149422e+000  4.703291e+001  3.178016e+001  2.125976e+001  1.188813e+001  0.000000e+000  5.291604e+000  6.942377e+000  7.061157e+000  4.556777e+000  2.784668e+000  2.024852e+000  1.811284e+000  
1.087791e+000  1.436757e+000  3.398720e+000  1.868247e+001  1.222602e+001  7.966440e+000  4.444839e+000  0.000000e+000  1.793133e+000  2.432109e+000  2.546160e+000  1.664573e+000  1.017402e+000  7.392817e-001  6.611371e-001  
-1.087791e+000  -1.436758e+000  -3.398720e+000  -1.868248e+001  -1.222602e+001  -7.966441e+000  -4.444839e+000  0.000000e+000  -1.793133e+000  -2.432109e+000  -2.546160e+000  -1.664572e+000  -1.017402e+000  -7.392816e-001  -6.611368e-001  
-2.976135e+000  -3.921627e+000  -9.149422e+000  -4.703291e+001  -3.178016e+001  -2.125976e+001  -1.188813e+001  0.000000e+000  -5.291605e+000  -6.942377e+000  -7.061157e+000  -4.556778e+000  -2.784668e+000  -2.024852e+000  -1.811285e+000  
-4.952175e+000  -6.497507e+000  -1.480154e+001  -6.845434e+001  -4.861837e+001  -3.437754e+001  -2.178492e+001  0.000000e+000  -1.109310e+001  -1.251511e+001  -1.201393e+001  -7.587343e+000  -4.636812e+000  -3.376157e+000  -3.021535e+000  
-7.663573e+000  -9.967573e+000  -2.169595e+001  -8.283605e+001  -6.432344e+001  -5.042180e+001  -3.958599e+001  -3.142984e+001  -2.557090e+001  -2.209130e+001  -1.923841e+001  -1.174165e+001  -7.184991e+000  -5.247191e+000  -4.700986e+000  
-1.026360e+001  -1.319811e+001  -2.727168e+001  -8.606546e+001  -7.231964e+001  -6.132222e+001  -5.290181e+001  -4.720187e+001  -3.760611e+001  -3.105567e+001  -2.611625e+001  -1.566944e+001  -9.636371e+000  -7.069728e+000  -6.343564e+000  
-1.272280e+001  -1.614847e+001  -3.166963e+001  -8.455434e+001  -7.564010e+001  -6.785392e+001  -6.163387e+001  -5.726450e+001  -4.652506e+001  -3.839442e+001  -3.208945e+001  -1.926486e+001  -1.195989e+001  -8.828392e+000  -7.937313e+000  
-2.142639e+001  -2.539707e+001  -3.957817e+001  -6.870023e+001  -6.686231e+001  -6.491691e+001  -6.301295e+001  -6.125659e+001  -5.482557e+001  -4.904744e+001  -4.392016e+001  -3.000656e+001  -2.019085e+001  -1.549739e+001  -1.409948e+001  
-2.720394e+001  -3.063806e+001  -4.127853e+001  -5.814137e+001  -5.774256e+001  -5.715470e+001  -5.640806e+001  -5.552781e+001  -5.196737e+001  -4.852720e+001  -4.525479e+001  -3.461577e+001  -2.542389e+001  -2.045310e+001  -1.888867e+001  
-3.011669e+001  -3.296566e+001  -4.111734e+001  -5.240737e+001  -5.232314e+001  -5.205918e+001  -5.162315e+001  -5.102252e+001  -4.869619e+001  -4.637429e+001  -4.408774e+001  -3.593818e+001  -2.792087e+001  -2.319804e+001  -2.165169e+001  
-3.098583e+001  -3.360923e+001  -4.091276e+001  -5.057475e+001  -5.055299e+001  -5.035717e+001  -4.999145e+001  -4.946036e+001  -4.747389e+001  -4.547185e+001  -4.347877e+001  -3.616776e+001  -2.863879e+001  -2.406342e+001  -2.254349e+001  

