matrixcalc_AMD64 @ CATO:  ----------
                          Infos #: 0
                          ----------

matrixcalc_AMD64 @ CATO:  -------------
                          WARNINGS #: 0
                          -------------

matrixcalc_AMD64 @ CATO:  -----------
                          ERRORS #: 0
                          -----------

matrixcalc_AMD64 @ CATO:  ----------
                          Infos #: 0
                          ----------

matrixcalc_AMD64 @ CATO:  -------------
                          WARNINGS #: 0
                          -------------

matrixcalc_AMD64 @ CATO:  -----------
                          ERRORS #: 0
                          -----------

matrixcalc_AMD64 @ CATO:  ----------
                          Infos #: 0
                          ----------

matrixcalc_AMD64 @ CATO:  -------------
                          WARNINGS #: 0
                          -------------

matrixcalc_AMD64 @ CATO:  -----------
                          ERRORS #: 0
                          -----------

matrixcalc_AMD64 @ CATO:  ----------
                          Infos #: 0
                          ----------

matrixcalc_AMD64 @ CATO:  -------------
                          WARNINGS #: 0
                          -------------

matrixcalc_AMD64 @ CATO:  -----------
                          ERRORS #: 0
                          -----------

matrixcalc_AMD64 @ CATO:  ----------
                          Infos #: 0
                          ----------

matrixcalc_AMD64 @ CATO:  -------------
                          WARNINGS #: 0
                          -------------

matrixcalc_AMD64 @ CATO:  -----------
                          ERRORS #: 0
                          -----------

matrixcalc_AMD64 @ CATO:  ----------
                          Infos #: 0
                          ----------

matrixcalc_AMD64 @ CATO:  -------------
                          WARNINGS #: 0
                          -------------

matrixcalc_AMD64 @ CATO:  -----------
                          ERRORS #: 0
                          -----------

