Port monitor named: Port1_h1[3.6].prt

nx        = 66
ny        = 45
nz        = 27

nu        = 15
nv        = 20
iu        = 7
iv        = 24

idir      = 1
dcut      = 0.000000e+000
icut      = 9
type      = 1
frequency = 3.600000e+009

fcutoff   = 0.000000e+000
alpha     = 0.000000e+000
beta      = 1.209042e+002
accuracy  = 1.705496e-011

type          = QTEM
wave imp.     = 2.350991e+002
wave imp.sig. = 0.000000e+000
line imp.     = 1.066067e+002

ref. port     = 0

-1.201196e-002  -7.143050e-003  1.031905e-002  3.986026e-002  4.185682e-002  4.325315e-002  4.397887e-002  4.398598e-002  4.305131e-002  4.118153e-002  3.847349e-002  2.178907e-002  1.737843e-003  -9.001585e-003  -1.212171e-002  
-4.232922e-002  -2.919763e-002  2.426332e-002  1.357342e-001  1.445358e-001  1.511252e-001  1.549557e-001  1.556227e-001  1.520899e-001  1.442188e-001  1.327293e-001  6.460528e-002  -3.220027e-003  -3.436532e-002  -4.260302e-002  
-9.005799e-002  -7.640951e-002  4.944618e-003  2.818376e-001  3.176066e-001  3.482705e-001  3.692305e-001  3.766949e-001  3.654309e-001  3.350181e-001  2.925408e-001  8.871653e-002  -4.184253e-002  -8.218092e-002  -9.002112e-002  
-1.554212e-001  -1.637316e-001  -1.249296e-001  4.328259e-001  6.415675e-001  8.496292e-001  1.014441e+000  1.086168e+000  1.001388e+000  7.944645e-001  5.579925e-001  -1.847136e-002  -1.602464e-001  -1.603399e-001  -1.533253e-001  
-1.926040e-001  -2.340915e-001  -3.673999e-001  -5.274934e-002  8.290081e-001  1.928545e+000  3.101231e+000  3.815378e+000  2.855957e+000  1.437230e+000  3.066957e-001  -4.153969e-001  -3.027231e-001  -2.138689e-001  -1.876590e-001  
-2.047659e-001  -2.586356e-001  -4.721690e-001  -5.529225e-001  5.410163e-001  2.211922e+000  4.634069e+000  7.005517e+000  4.044532e+000  1.380924e+000  -1.979012e-001  -6.170146e-001  -3.561872e-001  -2.318738e-001  -1.987897e-001  
-2.143763e-001  -2.793064e-001  -5.815727e-001  -1.469678e+000  -6.937314e-001  1.258992e+000  6.238966e+000  1.710073e+001  4.929566e+000  1.898512e-001  -1.343216e+000  -8.587607e-001  -4.045677e-001  -2.464688e-001  -2.075103e-001  
-2.199129e-001  -2.918866e-001  -6.624058e-001  -2.543469e+000  -3.399813e+000  -3.805406e+000  -1.770127e+000  0.000000e+000  -2.302562e+000  -3.707738e+000  -2.945384e+000  -1.059919e+000  -4.358938e-001  -2.550506e-001  -2.124985e-001  
-2.226564e-001  -2.982969e-001  -7.079116e-001  -3.300255e+000  -5.948393e+000  -9.867994e+000  -1.516072e+001  0.000000e+000  -1.409899e+001  -7.983903e+000  -4.186618e+000  -1.180213e+000  -4.523650e-001  -2.593461e-001  -2.149615e-001  
-2.237131e-001  -3.008063e-001  -7.268360e-001  -3.669490e+000  -7.587962e+000  -1.508744e+001  -3.399995e+001  -8.420642e+001  -2.897229e+001  -1.127169e+001  -4.848556e+000  -1.232312e+000  -4.589314e-001  -2.610101e-001  -2.159082e-001  
-2.226564e-001  -2.982970e-001  -7.079117e-001  -3.300255e+000  -5.948393e+000  -9.867994e+000  -1.516072e+001  0.000000e+000  -1.409899e+001  -7.983903e+000  -4.186618e+000  -1.180213e+000  -4.523650e-001  -2.593460e-001  -2.149613e-001  
-2.199129e-001  -2.918864e-001  -6.624058e-001  -2.543469e+000  -3.399813e+000  -3.805406e+000  -1.770127e+000  0.000000e+000  -2.302562e+000  -3.707738e+000  -2.945384e+000  -1.059919e+000  -4.358938e-001  -2.550507e-001  -2.124987e-001  
-2.143763e-001  -2.793065e-001  -5.815727e-001  -1.469678e+000  -6.937315e-001  1.258992e+000  6.238966e+000  1.710073e+001  4.929566e+000  1.898512e-001  -1.343216e+000  -8.587606e-001  -4.045677e-001  -2.464688e-001  -2.075103e-001  
-2.047659e-001  -2.586356e-001  -4.721690e-001  -5.529226e-001  5.410164e-001  2.211922e+000  4.634069e+000  7.005517e+000  4.044532e+000  1.380924e+000  -1.979012e-001  -6.170146e-001  -3.561872e-001  -2.318738e-001  -1.987898e-001  
-1.926040e-001  -2.340915e-001  -3.673999e-001  -5.274925e-002  8.290080e-001  1.928545e+000  3.101231e+000  3.815378e+000  2.855957e+000  1.437230e+000  3.066957e-001  -4.153969e-001  -3.027231e-001  -2.138689e-001  -1.876590e-001  
-1.554212e-001  -1.637316e-001  -1.249296e-001  4.328258e-001  6.415675e-001  8.496292e-001  1.014441e+000  1.086168e+000  1.001388e+000  7.944645e-001  5.579925e-001  -1.847136e-002  -1.602464e-001  -1.603399e-001  -1.533253e-001  
-9.005799e-002  -7.640951e-002  4.944618e-003  2.818376e-001  3.176066e-001  3.482705e-001  3.692305e-001  3.766949e-001  3.654308e-001  3.350181e-001  2.925408e-001  8.871653e-002  -4.184253e-002  -8.218092e-002  -9.002111e-002  
-4.232922e-002  -2.919763e-002  2.426332e-002  1.357342e-001  1.445358e-001  1.511252e-001  1.549557e-001  1.556227e-001  1.520899e-001  1.442188e-001  1.327293e-001  6.460528e-002  -3.220028e-003  -3.436532e-002  -4.260302e-002  
-1.201196e-002  -7.143051e-003  1.031905e-002  3.986025e-002  4.185683e-002  4.325313e-002  4.397889e-002  4.398597e-002  4.305131e-002  4.118153e-002  3.847349e-002  2.178907e-002  1.737843e-003  -9.001585e-003  -1.212171e-002  
0.000000e+000  0.000000e+000  0.000000e+000  0.000000e+000  0.000000e+000  0.000000e+000  0.000000e+000  0.000000e+000  0.000000e+000  0.000000e+000  0.000000e+000  0.000000e+000  0.000000e+000  0.000000e+000  0.000000e+000  

-2.458087e-002  -6.260333e-002  -5.945686e-002  -2.387636e-002  -2.638686e-002  -2.836214e-002  -2.997206e-002  -2.373637e-002  -1.003957e-002  3.056748e-003  3.226557e-002  5.767337e-002  4.796986e-002  1.792981e-002  0.000000e+000  
-2.841953e-002  -7.616733e-002  -8.184022e-002  -3.523071e-002  -3.512489e-002  -3.405619e-002  -3.232060e-002  -2.192455e-002  -3.506779e-003  1.386373e-002  5.171424e-002  7.651194e-002  5.832103e-002  2.098465e-002  0.000000e+000  
-3.889275e-002  -1.179940e-001  -1.669970e-001  -8.610871e-002  -7.591300e-002  -6.146337e-002  -4.387888e-002  -1.366998e-002  2.643169e-002  6.210365e-002  1.329412e-001  1.409850e-001  8.874270e-002  2.919941e-002  0.000000e+000  
-5.030314e-002  -1.828403e-001  -3.810077e-001  -2.970937e-001  -2.623627e-001  -1.959288e-001  -1.036798e-001  2.313106e-002  1.571855e-001  2.531469e-001  3.830067e-001  2.677382e-001  1.297522e-001  3.765647e-002  0.000000e+000  
-4.598994e-002  -2.154530e-001  -7.855671e-001  -1.448143e+000  -1.417677e+000  -1.121409e+000  -5.254826e-001  3.690628e-001  1.049253e+000  1.282906e+000  1.052510e+000  4.019182e-001  1.354271e-001  3.328644e-002  0.000000e+000  
-3.957940e-002  -1.949814e-001  -8.415073e-001  -2.581531e+000  -2.830295e+000  -2.629099e+000  -1.449078e+000  1.344576e+000  2.501696e+000  2.443798e+000  1.252513e+000  3.824713e-001  1.189626e-001  2.844027e-002  0.000000e+000  
-3.114666e-002  -1.613605e-001  -8.325610e-001  -3.987807e+000  -4.973529e+000  -5.734527e+000  -4.493834e+000  4.371630e+000  5.233471e+000  4.068307e+000  1.373417e+000  3.331110e-001  9.537262e-002  2.221930e-002  0.000000e+000  
-2.090402e-002  -1.131452e-001  -6.902458e-001  -4.987516e+000  -7.473190e+000  -1.210647e+001  -1.942306e+001  1.835343e+001  1.010172e+001  5.654043e+000  1.254178e+000  2.444332e-001  6.496678e-002  1.482065e-002  0.000000e+000  
-1.279039e-002  -7.080993e-002  -4.718531e-001  -4.210957e+000  -7.097380e+000  -1.394576e+001  -2.906041e+001  2.778997e+001  1.114923e+001  5.116547e+000  9.028069e-001  1.566167e-001  4.004443e-002  9.039670e-003  0.000000e+000  
-4.720427e-003  -2.647401e-002  -1.862274e-001  -1.933723e+000  -3.711557e+000  -9.360976e+000  -2.974417e+001  2.708447e+001  6.969846e+000  2.523251e+000  3.691055e-001  5.937022e-002  1.483953e-002  3.330250e-003  0.000000e+000  
4.720417e-003  2.647402e-002  1.862273e-001  1.933723e+000  3.711557e+000  9.360976e+000  2.974417e+001  -2.708447e+001  -6.969846e+000  -2.523251e+000  -3.691055e-001  -5.937023e-002  -1.483953e-002  -3.330247e-003  0.000000e+000  
1.279039e-002  7.080992e-002  4.718531e-001  4.210957e+000  7.097380e+000  1.394576e+001  2.906040e+001  -2.778997e+001  -1.114923e+001  -5.116547e+000  -9.028069e-001  -1.566167e-001  -4.004444e-002  -9.039676e-003  0.000000e+000  
2.090401e-002  1.131452e-001  6.902458e-001  4.987516e+000  7.473190e+000  1.210647e+001  1.942306e+001  -1.835343e+001  -1.010172e+001  -5.654043e+000  -1.254178e+000  -2.444332e-001  -6.496678e-002  -1.482065e-002  0.000000e+000  
3.114667e-002  1.613605e-001  8.325610e-001  3.987807e+000  4.973529e+000  5.734527e+000  4.493834e+000  -4.371630e+000  -5.233471e+000  -4.068307e+000  -1.373417e+000  -3.331110e-001  -9.537262e-002  -2.221930e-002  0.000000e+000  
3.957940e-002  1.949814e-001  8.415073e-001  2.581530e+000  2.830295e+000  2.629099e+000  1.449078e+000  -1.344576e+000  -2.501696e+000  -2.443798e+000  -1.252513e+000  -3.824713e-001  -1.189626e-001  -2.844027e-002  0.000000e+000  
4.598994e-002  2.154530e-001  7.855671e-001  1.448143e+000  1.417677e+000  1.121409e+000  5.254827e-001  -3.690628e-001  -1.049253e+000  -1.282906e+000  -1.052510e+000  -4.019182e-001  -1.354271e-001  -3.328644e-002  0.000000e+000  
5.030314e-002  1.828403e-001  3.810077e-001  2.970937e-001  2.623627e-001  1.959288e-001  1.036797e-001  -2.313103e-002  -1.571855e-001  -2.531469e-001  -3.830067e-001  -2.677382e-001  -1.297522e-001  -3.765647e-002  0.000000e+000  
3.889275e-002  1.179940e-001  1.669970e-001  8.610867e-002  7.591303e-002  6.146335e-002  4.387886e-002  1.367003e-002  -2.643171e-002  -6.210366e-002  -1.329412e-001  -1.409850e-001  -8.874270e-002  -2.919941e-002  0.000000e+000  
2.841953e-002  7.616733e-002  8.184022e-002  3.523075e-002  3.512475e-002  3.405629e-002  3.232050e-002  2.192460e-002  3.506780e-003  -1.386373e-002  -5.171424e-002  -7.651194e-002  -5.832103e-002  -2.098465e-002  0.000000e+000  
2.458087e-002  6.260332e-002  5.945686e-002  2.387634e-002  2.638685e-002  2.836207e-002  2.997215e-002  2.373636e-002  1.003959e-002  -3.056759e-003  -3.226557e-002  -5.767336e-002  -4.796986e-002  -1.792981e-002  0.000000e+000  

0.000000e+000  0.000000e+000  0.000000e+000  0.000000e+000  0.000000e+000  0.000000e+000  0.000000e+000  0.000000e+000  0.000000e+000  0.000000e+000  0.000000e+000  0.000000e+000  0.000000e+000  0.000000e+000  0.000000e+000  
0.000000e+000  0.000000e+000  0.000000e+000  0.000000e+000  0.000000e+000  0.000000e+000  0.000000e+000  0.000000e+000  0.000000e+000  0.000000e+000  0.000000e+000  0.000000e+000  0.000000e+000  0.000000e+000  0.000000e+000  
0.000000e+000  0.000000e+000  0.000000e+000  0.000000e+000  0.000000e+000  0.000000e+000  0.000000e+000  0.000000e+000  0.000000e+000  0.000000e+000  0.000000e+000  0.000000e+000  0.000000e+000  0.000000e+000  0.000000e+000  
0.000000e+000  0.000000e+000  0.000000e+000  0.000000e+000  0.000000e+000  0.000000e+000  0.000000e+000  0.000000e+000  0.000000e+000  0.000000e+000  0.000000e+000  0.000000e+000  0.000000e+000  0.000000e+000  0.000000e+000  
0.000000e+000  0.000000e+000  0.000000e+000  0.000000e+000  0.000000e+000  0.000000e+000  0.000000e+000  0.000000e+000  0.000000e+000  0.000000e+000  0.000000e+000  0.000000e+000  0.000000e+000  0.000000e+000  0.000000e+000  
0.000000e+000  0.000000e+000  0.000000e+000  0.000000e+000  0.000000e+000  0.000000e+000  0.000000e+000  0.000000e+000  0.000000e+000  0.000000e+000  0.000000e+000  0.000000e+000  0.000000e+000  0.000000e+000  0.000000e+000  
0.000000e+000  0.000000e+000  0.000000e+000  0.000000e+000  0.000000e+000  0.000000e+000  0.000000e+000  0.000000e+000  0.000000e+000  0.000000e+000  0.000000e+000  0.000000e+000  0.000000e+000  0.000000e+000  0.000000e+000  
0.000000e+000  0.000000e+000  0.000000e+000  0.000000e+000  0.000000e+000  0.000000e+000  0.000000e+000  0.000000e+000  0.000000e+000  0.000000e+000  0.000000e+000  0.000000e+000  0.000000e+000  0.000000e+000  0.000000e+000  
0.000000e+000  0.000000e+000  0.000000e+000  0.000000e+000  0.000000e+000  0.000000e+000  0.000000e+000  0.000000e+000  0.000000e+000  0.000000e+000  0.000000e+000  0.000000e+000  0.000000e+000  0.000000e+000  0.000000e+000  
0.000000e+000  0.000000e+000  0.000000e+000  0.000000e+000  0.000000e+000  0.000000e+000  0.000000e+000  0.000000e+000  0.000000e+000  0.000000e+000  0.000000e+000  0.000000e+000  0.000000e+000  0.000000e+000  0.000000e+000  
0.000000e+000  0.000000e+000  0.000000e+000  0.000000e+000  0.000000e+000  0.000000e+000  0.000000e+000  0.000000e+000  0.000000e+000  0.000000e+000  0.000000e+000  0.000000e+000  0.000000e+000  0.000000e+000  0.000000e+000  
0.000000e+000  0.000000e+000  0.000000e+000  0.000000e+000  0.000000e+000  0.000000e+000  0.000000e+000  0.000000e+000  0.000000e+000  0.000000e+000  0.000000e+000  0.000000e+000  0.000000e+000  0.000000e+000  0.000000e+000  
0.000000e+000  0.000000e+000  0.000000e+000  0.000000e+000  0.000000e+000  0.000000e+000  0.000000e+000  0.000000e+000  0.000000e+000  0.000000e+000  0.000000e+000  0.000000e+000  0.000000e+000  0.000000e+000  0.000000e+000  
0.000000e+000  0.000000e+000  0.000000e+000  0.000000e+000  0.000000e+000  0.000000e+000  0.000000e+000  0.000000e+000  0.000000e+000  0.000000e+000  0.000000e+000  0.000000e+000  0.000000e+000  0.000000e+000  0.000000e+000  
0.000000e+000  0.000000e+000  0.000000e+000  0.000000e+000  0.000000e+000  0.000000e+000  0.000000e+000  0.000000e+000  0.000000e+000  0.000000e+000  0.000000e+000  0.000000e+000  0.000000e+000  0.000000e+000  0.000000e+000  
0.000000e+000  0.000000e+000  0.000000e+000  0.000000e+000  0.000000e+000  0.000000e+000  0.000000e+000  0.000000e+000  0.000000e+000  0.000000e+000  0.000000e+000  0.000000e+000  0.000000e+000  0.000000e+000  0.000000e+000  
0.000000e+000  0.000000e+000  0.000000e+000  0.000000e+000  0.000000e+000  0.000000e+000  0.000000e+000  0.000000e+000  0.000000e+000  0.000000e+000  0.000000e+000  0.000000e+000  0.000000e+000  0.000000e+000  0.000000e+000  
0.000000e+000  0.000000e+000  0.000000e+000  0.000000e+000  0.000000e+000  0.000000e+000  0.000000e+000  0.000000e+000  0.000000e+000  0.000000e+000  0.000000e+000  0.000000e+000  0.000000e+000  0.000000e+000  0.000000e+000  
0.000000e+000  0.000000e+000  0.000000e+000  0.000000e+000  0.000000e+000  0.000000e+000  0.000000e+000  0.000000e+000  0.000000e+000  0.000000e+000  0.000000e+000  0.000000e+000  0.000000e+000  0.000000e+000  0.000000e+000  
0.000000e+000  0.000000e+000  0.000000e+000  0.000000e+000  0.000000e+000  0.000000e+000  0.000000e+000  0.000000e+000  0.000000e+000  0.000000e+000  0.000000e+000  0.000000e+000  0.000000e+000  0.000000e+000  0.000000e+000  

0.000000e+000  0.000000e+000  0.000000e+000  0.000000e+000  0.000000e+000  0.000000e+000  0.000000e+000  0.000000e+000  0.000000e+000  0.000000e+000  0.000000e+000  0.000000e+000  0.000000e+000  0.000000e+000  0.000000e+000  
0.000000e+000  0.000000e+000  0.000000e+000  0.000000e+000  0.000000e+000  0.000000e+000  0.000000e+000  0.000000e+000  0.000000e+000  0.000000e+000  0.000000e+000  0.000000e+000  0.000000e+000  0.000000e+000  0.000000e+000  
0.000000e+000  0.000000e+000  0.000000e+000  0.000000e+000  0.000000e+000  0.000000e+000  0.000000e+000  0.000000e+000  0.000000e+000  0.000000e+000  0.000000e+000  0.000000e+000  0.000000e+000  0.000000e+000  0.000000e+000  
0.000000e+000  0.000000e+000  0.000000e+000  0.000000e+000  0.000000e+000  0.000000e+000  0.000000e+000  0.000000e+000  0.000000e+000  0.000000e+000  0.000000e+000  0.000000e+000  0.000000e+000  0.000000e+000  0.000000e+000  
0.000000e+000  0.000000e+000  0.000000e+000  0.000000e+000  0.000000e+000  0.000000e+000  0.000000e+000  0.000000e+000  0.000000e+000  0.000000e+000  0.000000e+000  0.000000e+000  0.000000e+000  0.000000e+000  0.000000e+000  
0.000000e+000  0.000000e+000  0.000000e+000  0.000000e+000  0.000000e+000  0.000000e+000  0.000000e+000  0.000000e+000  0.000000e+000  0.000000e+000  0.000000e+000  0.000000e+000  0.000000e+000  0.000000e+000  0.000000e+000  
0.000000e+000  0.000000e+000  0.000000e+000  0.000000e+000  0.000000e+000  0.000000e+000  0.000000e+000  0.000000e+000  0.000000e+000  0.000000e+000  0.000000e+000  0.000000e+000  0.000000e+000  0.000000e+000  0.000000e+000  
0.000000e+000  0.000000e+000  0.000000e+000  0.000000e+000  0.000000e+000  0.000000e+000  0.000000e+000  0.000000e+000  0.000000e+000  0.000000e+000  0.000000e+000  0.000000e+000  0.000000e+000  0.000000e+000  0.000000e+000  
0.000000e+000  0.000000e+000  0.000000e+000  0.000000e+000  0.000000e+000  0.000000e+000  0.000000e+000  0.000000e+000  0.000000e+000  0.000000e+000  0.000000e+000  0.000000e+000  0.000000e+000  0.000000e+000  0.000000e+000  
0.000000e+000  0.000000e+000  0.000000e+000  0.000000e+000  0.000000e+000  0.000000e+000  0.000000e+000  0.000000e+000  0.000000e+000  0.000000e+000  0.000000e+000  0.000000e+000  0.000000e+000  0.000000e+000  0.000000e+000  
0.000000e+000  0.000000e+000  0.000000e+000  0.000000e+000  0.000000e+000  0.000000e+000  0.000000e+000  0.000000e+000  0.000000e+000  0.000000e+000  0.000000e+000  0.000000e+000  0.000000e+000  0.000000e+000  0.000000e+000  
0.000000e+000  0.000000e+000  0.000000e+000  0.000000e+000  0.000000e+000  0.000000e+000  0.000000e+000  0.000000e+000  0.000000e+000  0.000000e+000  0.000000e+000  0.000000e+000  0.000000e+000  0.000000e+000  0.000000e+000  
0.000000e+000  0.000000e+000  0.000000e+000  0.000000e+000  0.000000e+000  0.000000e+000  0.000000e+000  0.000000e+000  0.000000e+000  0.000000e+000  0.000000e+000  0.000000e+000  0.000000e+000  0.000000e+000  0.000000e+000  
0.000000e+000  0.000000e+000  0.000000e+000  0.000000e+000  0.000000e+000  0.000000e+000  0.000000e+000  0.000000e+000  0.000000e+000  0.000000e+000  0.000000e+000  0.000000e+000  0.000000e+000  0.000000e+000  0.000000e+000  
0.000000e+000  0.000000e+000  0.000000e+000  0.000000e+000  0.000000e+000  0.000000e+000  0.000000e+000  0.000000e+000  0.000000e+000  0.000000e+000  0.000000e+000  0.000000e+000  0.000000e+000  0.000000e+000  0.000000e+000  
0.000000e+000  0.000000e+000  0.000000e+000  0.000000e+000  0.000000e+000  0.000000e+000  0.000000e+000  0.000000e+000  0.000000e+000  0.000000e+000  0.000000e+000  0.000000e+000  0.000000e+000  0.000000e+000  0.000000e+000  
0.000000e+000  0.000000e+000  0.000000e+000  0.000000e+000  0.000000e+000  0.000000e+000  0.000000e+000  0.000000e+000  0.000000e+000  0.000000e+000  0.000000e+000  0.000000e+000  0.000000e+000  0.000000e+000  0.000000e+000  
0.000000e+000  0.000000e+000  0.000000e+000  0.000000e+000  0.000000e+000  0.000000e+000  0.000000e+000  0.000000e+000  0.000000e+000  0.000000e+000  0.000000e+000  0.000000e+000  0.000000e+000  0.000000e+000  0.000000e+000  
0.000000e+000  0.000000e+000  0.000000e+000  0.000000e+000  0.000000e+000  0.000000e+000  0.000000e+000  0.000000e+000  0.000000e+000  0.000000e+000  0.000000e+000  0.000000e+000  0.000000e+000  0.000000e+000  0.000000e+000  
0.000000e+000  0.000000e+000  0.000000e+000  0.000000e+000  0.000000e+000  0.000000e+000  0.000000e+000  0.000000e+000  0.000000e+000  0.000000e+000  0.000000e+000  0.000000e+000  0.000000e+000  0.000000e+000  0.000000e+000  

0.000000e+000  0.000000e+000  0.000000e+000  0.000000e+000  0.000000e+000  0.000000e+000  0.000000e+000  0.000000e+000  0.000000e+000  0.000000e+000  0.000000e+000  0.000000e+000  0.000000e+000  0.000000e+000  0.000000e+000  
0.000000e+000  0.000000e+000  0.000000e+000  0.000000e+000  0.000000e+000  0.000000e+000  0.000000e+000  0.000000e+000  0.000000e+000  0.000000e+000  0.000000e+000  0.000000e+000  0.000000e+000  0.000000e+000  0.000000e+000  
0.000000e+000  0.000000e+000  0.000000e+000  0.000000e+000  0.000000e+000  0.000000e+000  0.000000e+000  0.000000e+000  0.000000e+000  0.000000e+000  0.000000e+000  0.000000e+000  0.000000e+000  0.000000e+000  0.000000e+000  
0.000000e+000  0.000000e+000  0.000000e+000  0.000000e+000  0.000000e+000  0.000000e+000  0.000000e+000  0.000000e+000  0.000000e+000  0.000000e+000  0.000000e+000  0.000000e+000  0.000000e+000  0.000000e+000  0.000000e+000  
0.000000e+000  0.000000e+000  0.000000e+000  0.000000e+000  0.000000e+000  0.000000e+000  0.000000e+000  0.000000e+000  0.000000e+000  0.000000e+000  0.000000e+000  0.000000e+000  0.000000e+000  0.000000e+000  0.000000e+000  
0.000000e+000  0.000000e+000  0.000000e+000  0.000000e+000  0.000000e+000  0.000000e+000  0.000000e+000  0.000000e+000  0.000000e+000  0.000000e+000  0.000000e+000  0.000000e+000  0.000000e+000  0.000000e+000  0.000000e+000  
0.000000e+000  0.000000e+000  0.000000e+000  0.000000e+000  0.000000e+000  0.000000e+000  0.000000e+000  0.000000e+000  0.000000e+000  0.000000e+000  0.000000e+000  0.000000e+000  0.000000e+000  0.000000e+000  0.000000e+000  
0.000000e+000  0.000000e+000  0.000000e+000  0.000000e+000  0.000000e+000  0.000000e+000  0.000000e+000  0.000000e+000  0.000000e+000  0.000000e+000  0.000000e+000  0.000000e+000  0.000000e+000  0.000000e+000  0.000000e+000  
0.000000e+000  0.000000e+000  0.000000e+000  0.000000e+000  0.000000e+000  0.000000e+000  0.000000e+000  0.000000e+000  0.000000e+000  0.000000e+000  0.000000e+000  0.000000e+000  0.000000e+000  0.000000e+000  0.000000e+000  
0.000000e+000  0.000000e+000  0.000000e+000  0.000000e+000  0.000000e+000  0.000000e+000  0.000000e+000  0.000000e+000  0.000000e+000  0.000000e+000  0.000000e+000  0.000000e+000  0.000000e+000  0.000000e+000  0.000000e+000  
0.000000e+000  0.000000e+000  0.000000e+000  0.000000e+000  0.000000e+000  0.000000e+000  0.000000e+000  0.000000e+000  0.000000e+000  0.000000e+000  0.000000e+000  0.000000e+000  0.000000e+000  0.000000e+000  0.000000e+000  
0.000000e+000  0.000000e+000  0.000000e+000  0.000000e+000  0.000000e+000  0.000000e+000  0.000000e+000  0.000000e+000  0.000000e+000  0.000000e+000  0.000000e+000  0.000000e+000  0.000000e+000  0.000000e+000  0.000000e+000  
0.000000e+000  0.000000e+000  0.000000e+000  0.000000e+000  0.000000e+000  0.000000e+000  0.000000e+000  0.000000e+000  0.000000e+000  0.000000e+000  0.000000e+000  0.000000e+000  0.000000e+000  0.000000e+000  0.000000e+000  
0.000000e+000  0.000000e+000  0.000000e+000  0.000000e+000  0.000000e+000  0.000000e+000  0.000000e+000  0.000000e+000  0.000000e+000  0.000000e+000  0.000000e+000  0.000000e+000  0.000000e+000  0.000000e+000  0.000000e+000  
0.000000e+000  0.000000e+000  0.000000e+000  0.000000e+000  0.000000e+000  0.000000e+000  0.000000e+000  0.000000e+000  0.000000e+000  0.000000e+000  0.000000e+000  0.000000e+000  0.000000e+000  0.000000e+000  0.000000e+000  
0.000000e+000  0.000000e+000  0.000000e+000  0.000000e+000  0.000000e+000  0.000000e+000  0.000000e+000  0.000000e+000  0.000000e+000  0.000000e+000  0.000000e+000  0.000000e+000  0.000000e+000  0.000000e+000  0.000000e+000  
0.000000e+000  0.000000e+000  0.000000e+000  0.000000e+000  0.000000e+000  0.000000e+000  0.000000e+000  0.000000e+000  0.000000e+000  0.000000e+000  0.000000e+000  0.000000e+000  0.000000e+000  0.000000e+000  0.000000e+000  
0.000000e+000  0.000000e+000  0.000000e+000  0.000000e+000  0.000000e+000  0.000000e+000  0.000000e+000  0.000000e+000  0.000000e+000  0.000000e+000  0.000000e+000  0.000000e+000  0.000000e+000  0.000000e+000  0.000000e+000  
0.000000e+000  0.000000e+000  0.000000e+000  0.000000e+000  0.000000e+000  0.000000e+000  0.000000e+000  0.000000e+000  0.000000e+000  0.000000e+000  0.000000e+000  0.000000e+000  0.000000e+000  0.000000e+000  0.000000e+000  
0.000000e+000  0.000000e+000  0.000000e+000  0.000000e+000  0.000000e+000  0.000000e+000  0.000000e+000  0.000000e+000  0.000000e+000  0.000000e+000  0.000000e+000  0.000000e+000  0.000000e+000  0.000000e+000  0.000000e+000  

-3.456249e-004  -4.838129e-004  1.277157e-003  1.796965e-003  -1.708745e-003  -5.175749e-003  -8.579934e-003  -9.751326e-003  -8.688452e-003  -7.578568e-003  -4.887409e-003  -1.228433e-003  3.138794e-004  2.679258e-004  0.000000e+000  
-1.379454e-003  -2.596808e-003  2.232449e-003  4.857768e-003  -6.399629e-003  -1.747151e-002  -2.828585e-002  -3.162672e-002  -2.750622e-002  -2.326753e-002  -1.319872e-002  -1.366705e-003  2.407033e-003  1.263326e-003  0.000000e+000  
-3.386519e-003  -8.403086e-003  -3.687058e-003  4.038826e-003  -1.728531e-002  -3.792936e-002  -5.782783e-002  -6.184319e-002  -5.019596e-002  -3.878462e-002  -1.331010e-002  7.216778e-003  9.100531e-003  3.578362e-003  0.000000e+000  
-6.465071e-003  -1.990153e-002  -2.817432e-002  -1.782370e-002  -4.994876e-002  -8.101677e-002  -1.116577e-001  -1.068546e-001  -6.907336e-002  -3.756575e-002  1.961433e-002  3.457195e-002  2.245428e-002  7.399293e-003  0.000000e+000  
-8.282989e-003  -2.880195e-002  -6.332487e-002  -7.992488e-002  -8.763311e-002  -1.123257e-001  -1.620732e-001  -1.204501e-001  -7.195180e-003  5.440981e-002  1.031850e-001  6.564347e-002  3.231780e-002  9.713829e-003  0.000000e+000  
-8.878133e-003  -3.183917e-002  -7.696827e-002  -1.018470e-001  -7.383738e-002  -8.283630e-002  -1.556545e-001  -8.908016e-002  7.034520e-002  1.326313e-001  1.429205e-001  7.713426e-002  3.565589e-002  1.047338e-002  0.000000e+000  
-9.347932e-003  -3.433024e-002  -8.964906e-002  -1.104366e-001  7.794533e-004  5.142996e-002  -4.732330e-002  5.589769e-002  2.499000e-001  2.719596e-001  1.882534e-001  8.738068e-002  3.837304e-002  1.107401e-002  0.000000e+000  
-9.618054e-003  -3.580649e-002  -9.794988e-002  -9.325641e-002  1.495987e-001  3.758123e-001  5.112517e-001  6.248705e-001  5.583738e-001  4.427323e-001  2.246092e-001  9.393141e-002  3.997469e-002  1.141977e-002  0.000000e+000  
-9.751729e-003  -3.654780e-002  -1.023093e-001  -7.191458e-002  2.832204e-001  7.110241e-001  1.258899e+000  1.313288e+000  8.338169e-001  5.683871e-001  2.459846e-001  9.735398e-002  4.077719e-002  1.159097e-002  0.000000e+000  
-9.803183e-003  -3.683542e-002  -1.040379e-001  -5.801831e-002  3.644360e-001  9.642911e-001  2.117612e+000  2.007985e+000  1.012941e+000  6.330905e-001  2.551458e-001  9.871334e-002  4.108824e-002  1.165689e-002  0.000000e+000  
-9.751729e-003  -3.654780e-002  -1.023093e-001  -7.191459e-002  2.832204e-001  7.110241e-001  1.258899e+000  1.313288e+000  8.338169e-001  5.683871e-001  2.459846e-001  9.735398e-002  4.077719e-002  1.159097e-002  0.000000e+000  
-9.618054e-003  -3.580649e-002  -9.794988e-002  -9.325641e-002  1.495987e-001  3.758123e-001  5.112517e-001  6.248705e-001  5.583738e-001  4.427323e-001  2.246092e-001  9.393141e-002  3.997469e-002  1.141977e-002  0.000000e+000  
-9.347933e-003  -3.433024e-002  -8.964906e-002  -1.104366e-001  7.794515e-004  5.142996e-002  -4.732330e-002  5.589769e-002  2.499000e-001  2.719596e-001  1.882534e-001  8.738068e-002  3.837304e-002  1.107401e-002  0.000000e+000  
-8.878132e-003  -3.183917e-002  -7.696827e-002  -1.018470e-001  -7.383738e-002  -8.283630e-002  -1.556545e-001  -8.908016e-002  7.034520e-002  1.326313e-001  1.429205e-001  7.713426e-002  3.565589e-002  1.047338e-002  0.000000e+000  
-8.282989e-003  -2.880195e-002  -6.332487e-002  -7.992488e-002  -8.763311e-002  -1.123257e-001  -1.620732e-001  -1.204501e-001  -7.195179e-003  5.440981e-002  1.031850e-001  6.564347e-002  3.231780e-002  9.713829e-003  0.000000e+000  
-6.465071e-003  -1.990153e-002  -2.817432e-002  -1.782370e-002  -4.994876e-002  -8.101677e-002  -1.116577e-001  -1.068546e-001  -6.907336e-002  -3.756575e-002  1.961433e-002  3.457195e-002  2.245428e-002  7.399293e-003  0.000000e+000  
-3.386519e-003  -8.403086e-003  -3.687058e-003  4.038825e-003  -1.728531e-002  -3.792936e-002  -5.782783e-002  -6.184319e-002  -5.019596e-002  -3.878462e-002  -1.331010e-002  7.216778e-003  9.100531e-003  3.578362e-003  0.000000e+000  
-1.379454e-003  -2.596808e-003  2.232449e-003  4.857769e-003  -6.399630e-003  -1.747151e-002  -2.828585e-002  -3.162672e-002  -2.750621e-002  -2.326753e-002  -1.319872e-002  -1.366705e-003  2.407033e-003  1.263326e-003  0.000000e+000  
-3.456248e-004  -4.838127e-004  1.277156e-003  1.796965e-003  -1.708744e-003  -5.175750e-003  -8.579934e-003  -9.751326e-003  -8.688452e-003  -7.578568e-003  -4.887409e-003  -1.228433e-003  3.138794e-004  2.679257e-004  0.000000e+000  
0.000000e+000  0.000000e+000  0.000000e+000  0.000000e+000  0.000000e+000  0.000000e+000  0.000000e+000  0.000000e+000  0.000000e+000  0.000000e+000  0.000000e+000  0.000000e+000  0.000000e+000  0.000000e+000  0.000000e+000  

