Port monitor named: Port1_e1[3.6]_mp.prt

nx        = 66
ny        = 44
nz        = 28

nu        = 16
nv        = 20
iu        = 7
iv        = 24

idir      = 1
dcut      = 0.000000e+000
icut      = 9
type      = 0
frequency = 3.600000e+009

fcutoff   = 0.000000e+000
alpha     = 0.000000e+000
beta      = 1.208349e+002
accuracy  = 1.158099e-012

type          = QTEM
wave imp.     = 2.352338e+002
wave imp.sig. = 0.000000e+000
line imp.     = 1.077000e+002

ref. port     = 0

-9.439932e+000  -2.666121e+001  -3.795149e+001  -3.724981e+001  -4.990467e+000  -1.885774e+000  1.152450e+000  4.182168e+000  2.670509e+001  2.998427e+001  3.274758e+001  3.813225e+001  3.735180e+001  2.557565e+001  8.939159e+000  -0.000000e+000  
-1.054296e+001  -3.044606e+001  -4.524548e+001  -4.691496e+001  -6.368464e+000  -2.510807e+000  1.280317e+000  5.070087e+000  3.269499e+001  3.673152e+001  4.004155e+001  4.621320e+001  4.326375e+001  2.841333e+001  9.718243e+000  -0.000000e+000  
-1.339055e+001  -4.108206e+001  -6.867780e+001  -8.323310e+001  -1.184226e+001  -5.276439e+000  1.391652e+000  8.230046e+000  5.514150e+001  6.223623e+001  6.753192e+001  7.572924e+001  6.184824e+001  3.610825e+001  1.162456e+001  -0.000000e+000  
-1.586218e+001  -5.366788e+001  -1.092058e+002  -1.764416e+002  -3.088580e+001  -1.963425e+001  -4.892382e+000  1.330893e+001  1.133329e+002  1.328988e+002  1.436660e+002  1.479289e+002  9.259079e+001  4.425675e+001  1.290396e+001  -0.000000e+000  
-1.314298e+001  -5.083230e+001  -1.389663e+002  -3.694051e+002  -1.373257e+002  -1.530946e+002  -1.190965e+002  -2.454852e+001  2.686020e+002  3.766536e+002  3.971508e+002  2.909469e+002  1.124657e+002  3.983580e+001  1.016610e+001  -0.000000e+000  
-1.114281e+001  -4.411396e+001  -1.288955e+002  -4.133385e+002  -2.778985e+002  -3.967400e+002  -4.073280e+002  -2.017842e+002  4.700694e+002  6.764011e+002  6.346904e+002  3.237585e+002  1.037596e+002  3.433955e+001  8.560322e+000  -0.000000e+000  
-8.654323e+000  -3.500808e+001  -1.095415e+002  -4.289140e+002  -4.755785e+002  -8.117543e+002  -1.051570e+003  -8.326000e+002  1.088292e+003  1.237308e+003  9.632527e+002  3.361629e+002  8.785034e+001  2.710436e+001  6.613021e+000  -0.000000e+000  
-5.750915e+000  -2.366992e+001  -7.870690e+001  -3.725866e+002  -6.540389e+002  -1.365648e+003  -2.451087e+003  -4.047036e+003  3.991880e+003  2.243828e+003  1.275815e+003  2.949408e+002  6.302311e+001  1.825601e+001  4.378014e+000  -0.000000e+000  
-3.347605e+000  -1.390112e+001  -4.775400e+001  -2.510184e+002  -5.654147e+002  -1.345605e+003  -2.946955e+003  -6.400354e+003  6.250360e+003  2.465353e+003  1.118583e+003  2.008964e+002  3.823428e+001  1.070215e+001  2.543889e+000  -0.000000e+000  
-9.836324e-001  -4.099597e+000  -1.428020e+001  -7.884444e+001  -2.083382e+002  -5.835269e+002  -1.790281e+003  -7.110043e+003  6.430947e+003  1.323448e+003  4.322929e+002  6.372436e+001  1.143632e+001  3.153921e+000  7.469420e-001  -0.000000e+000  
9.836324e-001  4.099597e+000  1.428020e+001  7.884444e+001  2.083382e+002  5.835269e+002  1.790281e+003  7.110043e+003  -6.430947e+003  -1.323448e+003  -4.322929e+002  -6.372436e+001  -1.143632e+001  -3.153921e+000  -7.469420e-001  -0.000000e+000  
3.347605e+000  1.390112e+001  4.775400e+001  2.510184e+002  5.654147e+002  1.345605e+003  2.946955e+003  6.400354e+003  -6.250360e+003  -2.465353e+003  -1.118583e+003  -2.008964e+002  -3.823428e+001  -1.070215e+001  -2.543889e+000  -0.000000e+000  
5.750915e+000  2.366992e+001  7.870690e+001  3.725866e+002  6.540389e+002  1.365648e+003  2.451087e+003  4.047036e+003  -3.991880e+003  -2.243828e+003  -1.275815e+003  -2.949408e+002  -6.302311e+001  -1.825601e+001  -4.378014e+000  -0.000000e+000  
8.654323e+000  3.500808e+001  1.095415e+002  4.289140e+002  4.755785e+002  8.117543e+002  1.051570e+003  8.326000e+002  -1.088292e+003  -1.237308e+003  -9.632527e+002  -3.361629e+002  -8.785034e+001  -2.710436e+001  -6.613021e+000  -0.000000e+000  
1.114281e+001  4.411396e+001  1.288955e+002  4.133385e+002  2.778985e+002  3.967400e+002  4.073280e+002  2.017842e+002  -4.700694e+002  -6.764011e+002  -6.346904e+002  -3.237585e+002  -1.037596e+002  -3.433955e+001  -8.560322e+000  -0.000000e+000  
1.314298e+001  5.083230e+001  1.389663e+002  3.694051e+002  1.373257e+002  1.530946e+002  1.190965e+002  2.454852e+001  -2.686020e+002  -3.766536e+002  -3.971508e+002  -2.909469e+002  -1.124657e+002  -3.983580e+001  -1.016610e+001  -0.000000e+000  
1.586218e+001  5.366788e+001  1.092058e+002  1.764416e+002  3.088580e+001  1.963425e+001  4.892382e+000  -1.330893e+001  -1.133329e+002  -1.328988e+002  -1.436660e+002  -1.479289e+002  -9.259079e+001  -4.425675e+001  -1.290396e+001  -0.000000e+000  
1.339055e+001  4.108206e+001  6.867780e+001  8.323310e+001  1.184226e+001  5.276439e+000  -1.391652e+000  -8.230046e+000  -5.514150e+001  -6.223623e+001  -6.753192e+001  -7.572924e+001  -6.184824e+001  -3.610825e+001  -1.162456e+001  -0.000000e+000  
1.054296e+001  3.044606e+001  4.524548e+001  4.691496e+001  6.368464e+000  2.510807e+000  -1.280317e+000  -5.070087e+000  -3.269499e+001  -3.673152e+001  -4.004155e+001  -4.621320e+001  -4.326375e+001  -2.841333e+001  -9.718243e+000  -0.000000e+000  
9.439932e+000  2.666121e+001  3.795149e+001  3.724981e+001  4.990467e+000  1.885774e+000  -1.152450e+000  -4.182168e+000  -2.670509e+001  -2.998427e+001  -3.274758e+001  -3.813225e+001  -3.735180e+001  -2.557565e+001  -8.939159e+000  -0.000000e+000  

5.885340e+000  4.835947e+000  1.214712e+000  -5.822557e+000  -1.525810e+001  -1.551736e+001  -1.560099e+001  -1.552717e+001  -1.529536e+001  -1.393850e+001  -1.243864e+001  -1.083980e+001  -4.135985e+000  2.070577e+000  4.993197e+000  5.784278e+000  
2.017513e+001  1.748793e+001  7.368253e+000  -1.515321e+001  -5.044491e+001  -5.145129e+001  -5.183462e+001  -5.163731e+001  -5.083367e+001  -4.580909e+001  -4.020558e+001  -3.424567e+001  -9.988098e+000  9.362547e+000  1.718879e+001  1.908606e+001  
4.114512e+001  3.891008e+001  2.717506e+001  -1.144735e+001  -1.013796e+002  -1.047521e+002  -1.069227e+002  -1.075650e+002  -1.061460e+002  -9.337034e+001  -7.817195e+001  -6.198989e+001  -3.594037e+000  2.780599e+001  3.567769e+001  3.677905e+001  
6.730756e+001  7.052332e+001  7.444948e+001  4.378083e+001  -1.629004e+002  -1.835779e+002  -2.075640e+002  -2.277103e+002  -2.335421e+002  -1.964269e+002  -1.393993e+002  -8.052532e+001  4.637144e+001  6.720952e+001  6.068015e+001  5.704621e+001  
8.065306e+001  9.015801e+001  1.220532e+002  1.704251e+002  -2.653493e+001  -1.426231e+002  -3.313917e+002  -5.546057e+002  -6.909554e+002  -4.926490e+002  -1.997069e+002  3.169835e+001  1.511378e+002  1.042875e+002  7.528375e+001  6.679404e+001  
8.499933e+001  9.676204e+001  1.396781e+002  2.308235e+002  1.646357e+002  1.282088e+000  -3.209934e+002  -8.215418e+002  -1.310919e+003  -7.058126e+002  -1.586674e+002  1.606970e+002  2.008503e+002  1.179078e+002  8.015812e+001  6.994462e+001  
8.839141e+001  1.020709e+002  1.552776e+002  2.992016e+002  5.629685e+002  4.156832e+002  -1.542154e+001  -1.105022e+003  -3.472102e+003  -8.596778e+002  1.206392e+002  4.226381e+002  2.572749e+002  1.298920e+002  8.405225e+001  7.238899e+001  
9.038130e+001  1.052598e+002  1.654626e+002  3.548550e+002  1.093617e+003  1.191522e+003  1.210411e+003  6.986565e+002  -0.000000e+000  7.139641e+002  9.917709e+002  7.839943e+002  3.038017e+002  1.376936e+002  8.638101e+001  7.381702e+001  
9.135522e+001  1.068395e+002  1.707339e+002  3.872413e+002  1.492063e+003  1.906494e+003  2.729820e+003  3.976580e+003  -0.000000e+000  3.575247e+003  2.009675e+003  1.067993e+003  3.312353e+002  1.417290e+002  8.753220e+001  7.451458e+001  
9.160883e+001  1.072530e+002  1.721393e+002  3.963609e+002  1.624360e+003  2.211206e+003  3.744279e+003  8.449426e+003  2.468345e+004  6.995196e+003  2.606330e+003  1.169045e+003  3.390505e+002  1.428050e+002  8.783323e+001  7.469609e+001  
9.135522e+001  1.068395e+002  1.707339e+002  3.872413e+002  1.492063e+003  1.906494e+003  2.729820e+003  3.976580e+003  -0.000000e+000  3.575247e+003  2.009675e+003  1.067993e+003  3.312353e+002  1.417290e+002  8.753220e+001  7.451458e+001  
9.038130e+001  1.052598e+002  1.654626e+002  3.548550e+002  1.093617e+003  1.191522e+003  1.210411e+003  6.986565e+002  -0.000000e+000  7.139641e+002  9.917709e+002  7.839943e+002  3.038017e+002  1.376936e+002  8.638101e+001  7.381702e+001  
8.839141e+001  1.020709e+002  1.552776e+002  2.992016e+002  5.629685e+002  4.156832e+002  -1.542154e+001  -1.105022e+003  -3.472102e+003  -8.596778e+002  1.206392e+002  4.226381e+002  2.572749e+002  1.298920e+002  8.405225e+001  7.238899e+001  
8.499933e+001  9.676204e+001  1.396781e+002  2.308235e+002  1.646357e+002  1.282088e+000  -3.209934e+002  -8.215418e+002  -1.310919e+003  -7.058126e+002  -1.586674e+002  1.606970e+002  2.008503e+002  1.179078e+002  8.015812e+001  6.994462e+001  
8.065306e+001  9.015801e+001  1.220532e+002  1.704251e+002  -2.653493e+001  -1.426231e+002  -3.313917e+002  -5.546057e+002  -6.909554e+002  -4.926490e+002  -1.997069e+002  3.169835e+001  1.511378e+002  1.042875e+002  7.528375e+001  6.679404e+001  
6.730756e+001  7.052332e+001  7.444948e+001  4.378083e+001  -1.629004e+002  -1.835779e+002  -2.075640e+002  -2.277103e+002  -2.335421e+002  -1.964269e+002  -1.393993e+002  -8.052532e+001  4.637144e+001  6.720952e+001  6.068015e+001  5.704621e+001  
4.114512e+001  3.891008e+001  2.717506e+001  -1.144735e+001  -1.013796e+002  -1.047521e+002  -1.069227e+002  -1.075650e+002  -1.061460e+002  -9.337034e+001  -7.817195e+001  -6.198989e+001  -3.594037e+000  2.780599e+001  3.567769e+001  3.677905e+001  
2.017513e+001  1.748793e+001  7.368253e+000  -1.515321e+001  -5.044491e+001  -5.145129e+001  -5.183462e+001  -5.163731e+001  -5.083367e+001  -4.580909e+001  -4.020558e+001  -3.424567e+001  -9.988098e+000  9.362547e+000  1.718879e+001  1.908606e+001  
5.885340e+000  4.835947e+000  1.214712e+000  -5.822557e+000  -1.525810e+001  -1.551736e+001  -1.560099e+001  -1.552717e+001  -1.529536e+001  -1.393850e+001  -1.243864e+001  -1.083980e+001  -4.135985e+000  2.070577e+000  4.993197e+000  5.784278e+000  
-0.000000e+000  -0.000000e+000  -0.000000e+000  -0.000000e+000  -0.000000e+000  -0.000000e+000  -0.000000e+000  -0.000000e+000  -0.000000e+000  -0.000000e+000  -0.000000e+000  -0.000000e+000  -0.000000e+000  -0.000000e+000  -0.000000e+000  -0.000000e+000  

0.000000e+000  0.000000e+000  0.000000e+000  0.000000e+000  0.000000e+000  0.000000e+000  0.000000e+000  0.000000e+000  0.000000e+000  0.000000e+000  0.000000e+000  0.000000e+000  0.000000e+000  0.000000e+000  0.000000e+000  0.000000e+000  
0.000000e+000  0.000000e+000  0.000000e+000  0.000000e+000  0.000000e+000  0.000000e+000  0.000000e+000  0.000000e+000  0.000000e+000  0.000000e+000  0.000000e+000  0.000000e+000  0.000000e+000  0.000000e+000  0.000000e+000  0.000000e+000  
0.000000e+000  0.000000e+000  0.000000e+000  0.000000e+000  0.000000e+000  0.000000e+000  0.000000e+000  0.000000e+000  0.000000e+000  0.000000e+000  0.000000e+000  0.000000e+000  0.000000e+000  0.000000e+000  0.000000e+000  0.000000e+000  
0.000000e+000  0.000000e+000  0.000000e+000  0.000000e+000  0.000000e+000  0.000000e+000  0.000000e+000  0.000000e+000  0.000000e+000  0.000000e+000  0.000000e+000  0.000000e+000  0.000000e+000  0.000000e+000  0.000000e+000  0.000000e+000  
0.000000e+000  0.000000e+000  0.000000e+000  0.000000e+000  0.000000e+000  0.000000e+000  0.000000e+000  0.000000e+000  0.000000e+000  0.000000e+000  0.000000e+000  0.000000e+000  0.000000e+000  0.000000e+000  0.000000e+000  0.000000e+000  
0.000000e+000  0.000000e+000  0.000000e+000  0.000000e+000  0.000000e+000  0.000000e+000  0.000000e+000  0.000000e+000  0.000000e+000  0.000000e+000  0.000000e+000  0.000000e+000  0.000000e+000  0.000000e+000  0.000000e+000  0.000000e+000  
0.000000e+000  0.000000e+000  0.000000e+000  0.000000e+000  0.000000e+000  0.000000e+000  0.000000e+000  0.000000e+000  0.000000e+000  0.000000e+000  0.000000e+000  0.000000e+000  0.000000e+000  0.000000e+000  0.000000e+000  0.000000e+000  
0.000000e+000  0.000000e+000  0.000000e+000  0.000000e+000  0.000000e+000  0.000000e+000  0.000000e+000  0.000000e+000  0.000000e+000  0.000000e+000  0.000000e+000  0.000000e+000  0.000000e+000  0.000000e+000  0.000000e+000  0.000000e+000  
0.000000e+000  0.000000e+000  0.000000e+000  0.000000e+000  0.000000e+000  0.000000e+000  0.000000e+000  0.000000e+000  0.000000e+000  0.000000e+000  0.000000e+000  0.000000e+000  0.000000e+000  0.000000e+000  0.000000e+000  0.000000e+000  
0.000000e+000  0.000000e+000  0.000000e+000  0.000000e+000  0.000000e+000  0.000000e+000  0.000000e+000  0.000000e+000  0.000000e+000  0.000000e+000  0.000000e+000  0.000000e+000  0.000000e+000  0.000000e+000  0.000000e+000  0.000000e+000  
0.000000e+000  0.000000e+000  0.000000e+000  0.000000e+000  0.000000e+000  0.000000e+000  0.000000e+000  0.000000e+000  0.000000e+000  0.000000e+000  0.000000e+000  0.000000e+000  0.000000e+000  0.000000e+000  0.000000e+000  0.000000e+000  
0.000000e+000  0.000000e+000  0.000000e+000  0.000000e+000  0.000000e+000  0.000000e+000  0.000000e+000  0.000000e+000  0.000000e+000  0.000000e+000  0.000000e+000  0.000000e+000  0.000000e+000  0.000000e+000  0.000000e+000  0.000000e+000  
0.000000e+000  0.000000e+000  0.000000e+000  0.000000e+000  0.000000e+000  0.000000e+000  0.000000e+000  0.000000e+000  0.000000e+000  0.000000e+000  0.000000e+000  0.000000e+000  0.000000e+000  0.000000e+000  0.000000e+000  0.000000e+000  
0.000000e+000  0.000000e+000  0.000000e+000  0.000000e+000  0.000000e+000  0.000000e+000  0.000000e+000  0.000000e+000  0.000000e+000  0.000000e+000  0.000000e+000  0.000000e+000  0.000000e+000  0.000000e+000  0.000000e+000  0.000000e+000  
0.000000e+000  0.000000e+000  0.000000e+000  0.000000e+000  0.000000e+000  0.000000e+000  0.000000e+000  0.000000e+000  0.000000e+000  0.000000e+000  0.000000e+000  0.000000e+000  0.000000e+000  0.000000e+000  0.000000e+000  0.000000e+000  
0.000000e+000  0.000000e+000  0.000000e+000  0.000000e+000  0.000000e+000  0.000000e+000  0.000000e+000  0.000000e+000  0.000000e+000  0.000000e+000  0.000000e+000  0.000000e+000  0.000000e+000  0.000000e+000  0.000000e+000  0.000000e+000  
0.000000e+000  0.000000e+000  0.000000e+000  0.000000e+000  0.000000e+000  0.000000e+000  0.000000e+000  0.000000e+000  0.000000e+000  0.000000e+000  0.000000e+000  0.000000e+000  0.000000e+000  0.000000e+000  0.000000e+000  0.000000e+000  
0.000000e+000  0.000000e+000  0.000000e+000  0.000000e+000  0.000000e+000  0.000000e+000  0.000000e+000  0.000000e+000  0.000000e+000  0.000000e+000  0.000000e+000  0.000000e+000  0.000000e+000  0.000000e+000  0.000000e+000  0.000000e+000  
0.000000e+000  0.000000e+000  0.000000e+000  0.000000e+000  0.000000e+000  0.000000e+000  0.000000e+000  0.000000e+000  0.000000e+000  0.000000e+000  0.000000e+000  0.000000e+000  0.000000e+000  0.000000e+000  0.000000e+000  0.000000e+000  
0.000000e+000  0.000000e+000  0.000000e+000  0.000000e+000  0.000000e+000  0.000000e+000  0.000000e+000  0.000000e+000  0.000000e+000  0.000000e+000  0.000000e+000  0.000000e+000  0.000000e+000  0.000000e+000  0.000000e+000  0.000000e+000  

0.000000e+000  0.000000e+000  0.000000e+000  0.000000e+000  0.000000e+000  0.000000e+000  0.000000e+000  0.000000e+000  0.000000e+000  0.000000e+000  0.000000e+000  0.000000e+000  0.000000e+000  0.000000e+000  0.000000e+000  0.000000e+000  
0.000000e+000  0.000000e+000  0.000000e+000  0.000000e+000  0.000000e+000  0.000000e+000  0.000000e+000  0.000000e+000  0.000000e+000  0.000000e+000  0.000000e+000  0.000000e+000  0.000000e+000  0.000000e+000  0.000000e+000  0.000000e+000  
0.000000e+000  0.000000e+000  0.000000e+000  0.000000e+000  0.000000e+000  0.000000e+000  0.000000e+000  0.000000e+000  0.000000e+000  0.000000e+000  0.000000e+000  0.000000e+000  0.000000e+000  0.000000e+000  0.000000e+000  0.000000e+000  
0.000000e+000  0.000000e+000  0.000000e+000  0.000000e+000  0.000000e+000  0.000000e+000  0.000000e+000  0.000000e+000  0.000000e+000  0.000000e+000  0.000000e+000  0.000000e+000  0.000000e+000  0.000000e+000  0.000000e+000  0.000000e+000  
0.000000e+000  0.000000e+000  0.000000e+000  0.000000e+000  0.000000e+000  0.000000e+000  0.000000e+000  0.000000e+000  0.000000e+000  0.000000e+000  0.000000e+000  0.000000e+000  0.000000e+000  0.000000e+000  0.000000e+000  0.000000e+000  
0.000000e+000  0.000000e+000  0.000000e+000  0.000000e+000  0.000000e+000  0.000000e+000  0.000000e+000  0.000000e+000  0.000000e+000  0.000000e+000  0.000000e+000  0.000000e+000  0.000000e+000  0.000000e+000  0.000000e+000  0.000000e+000  
0.000000e+000  0.000000e+000  0.000000e+000  0.000000e+000  0.000000e+000  0.000000e+000  0.000000e+000  0.000000e+000  0.000000e+000  0.000000e+000  0.000000e+000  0.000000e+000  0.000000e+000  0.000000e+000  0.000000e+000  0.000000e+000  
0.000000e+000  0.000000e+000  0.000000e+000  0.000000e+000  0.000000e+000  0.000000e+000  0.000000e+000  0.000000e+000  0.000000e+000  0.000000e+000  0.000000e+000  0.000000e+000  0.000000e+000  0.000000e+000  0.000000e+000  0.000000e+000  
0.000000e+000  0.000000e+000  0.000000e+000  0.000000e+000  0.000000e+000  0.000000e+000  0.000000e+000  0.000000e+000  0.000000e+000  0.000000e+000  0.000000e+000  0.000000e+000  0.000000e+000  0.000000e+000  0.000000e+000  0.000000e+000  
0.000000e+000  0.000000e+000  0.000000e+000  0.000000e+000  0.000000e+000  0.000000e+000  0.000000e+000  0.000000e+000  0.000000e+000  0.000000e+000  0.000000e+000  0.000000e+000  0.000000e+000  0.000000e+000  0.000000e+000  0.000000e+000  
0.000000e+000  0.000000e+000  0.000000e+000  0.000000e+000  0.000000e+000  0.000000e+000  0.000000e+000  0.000000e+000  0.000000e+000  0.000000e+000  0.000000e+000  0.000000e+000  0.000000e+000  0.000000e+000  0.000000e+000  0.000000e+000  
0.000000e+000  0.000000e+000  0.000000e+000  0.000000e+000  0.000000e+000  0.000000e+000  0.000000e+000  0.000000e+000  0.000000e+000  0.000000e+000  0.000000e+000  0.000000e+000  0.000000e+000  0.000000e+000  0.000000e+000  0.000000e+000  
0.000000e+000  0.000000e+000  0.000000e+000  0.000000e+000  0.000000e+000  0.000000e+000  0.000000e+000  0.000000e+000  0.000000e+000  0.000000e+000  0.000000e+000  0.000000e+000  0.000000e+000  0.000000e+000  0.000000e+000  0.000000e+000  
0.000000e+000  0.000000e+000  0.000000e+000  0.000000e+000  0.000000e+000  0.000000e+000  0.000000e+000  0.000000e+000  0.000000e+000  0.000000e+000  0.000000e+000  0.000000e+000  0.000000e+000  0.000000e+000  0.000000e+000  0.000000e+000  
0.000000e+000  0.000000e+000  0.000000e+000  0.000000e+000  0.000000e+000  0.000000e+000  0.000000e+000  0.000000e+000  0.000000e+000  0.000000e+000  0.000000e+000  0.000000e+000  0.000000e+000  0.000000e+000  0.000000e+000  0.000000e+000  
0.000000e+000  0.000000e+000  0.000000e+000  0.000000e+000  0.000000e+000  0.000000e+000  0.000000e+000  0.000000e+000  0.000000e+000  0.000000e+000  0.000000e+000  0.000000e+000  0.000000e+000  0.000000e+000  0.000000e+000  0.000000e+000  
0.000000e+000  0.000000e+000  0.000000e+000  0.000000e+000  0.000000e+000  0.000000e+000  0.000000e+000  0.000000e+000  0.000000e+000  0.000000e+000  0.000000e+000  0.000000e+000  0.000000e+000  0.000000e+000  0.000000e+000  0.000000e+000  
0.000000e+000  0.000000e+000  0.000000e+000  0.000000e+000  0.000000e+000  0.000000e+000  0.000000e+000  0.000000e+000  0.000000e+000  0.000000e+000  0.000000e+000  0.000000e+000  0.000000e+000  0.000000e+000  0.000000e+000  0.000000e+000  
0.000000e+000  0.000000e+000  0.000000e+000  0.000000e+000  0.000000e+000  0.000000e+000  0.000000e+000  0.000000e+000  0.000000e+000  0.000000e+000  0.000000e+000  0.000000e+000  0.000000e+000  0.000000e+000  0.000000e+000  0.000000e+000  
0.000000e+000  0.000000e+000  0.000000e+000  0.000000e+000  0.000000e+000  0.000000e+000  0.000000e+000  0.000000e+000  0.000000e+000  0.000000e+000  0.000000e+000  0.000000e+000  0.000000e+000  0.000000e+000  0.000000e+000  0.000000e+000  

0.000000e+000  0.000000e+000  0.000000e+000  0.000000e+000  0.000000e+000  0.000000e+000  0.000000e+000  0.000000e+000  0.000000e+000  0.000000e+000  0.000000e+000  0.000000e+000  0.000000e+000  0.000000e+000  0.000000e+000  0.000000e+000  
0.000000e+000  0.000000e+000  0.000000e+000  0.000000e+000  0.000000e+000  0.000000e+000  0.000000e+000  0.000000e+000  0.000000e+000  0.000000e+000  0.000000e+000  0.000000e+000  0.000000e+000  0.000000e+000  0.000000e+000  0.000000e+000  
0.000000e+000  0.000000e+000  0.000000e+000  0.000000e+000  0.000000e+000  0.000000e+000  0.000000e+000  0.000000e+000  0.000000e+000  0.000000e+000  0.000000e+000  0.000000e+000  0.000000e+000  0.000000e+000  0.000000e+000  0.000000e+000  
0.000000e+000  0.000000e+000  0.000000e+000  0.000000e+000  0.000000e+000  0.000000e+000  0.000000e+000  0.000000e+000  0.000000e+000  0.000000e+000  0.000000e+000  0.000000e+000  0.000000e+000  0.000000e+000  0.000000e+000  0.000000e+000  
0.000000e+000  0.000000e+000  0.000000e+000  0.000000e+000  0.000000e+000  0.000000e+000  0.000000e+000  0.000000e+000  0.000000e+000  0.000000e+000  0.000000e+000  0.000000e+000  0.000000e+000  0.000000e+000  0.000000e+000  0.000000e+000  
0.000000e+000  0.000000e+000  0.000000e+000  0.000000e+000  0.000000e+000  0.000000e+000  0.000000e+000  0.000000e+000  0.000000e+000  0.000000e+000  0.000000e+000  0.000000e+000  0.000000e+000  0.000000e+000  0.000000e+000  0.000000e+000  
0.000000e+000  0.000000e+000  0.000000e+000  0.000000e+000  0.000000e+000  0.000000e+000  0.000000e+000  0.000000e+000  0.000000e+000  0.000000e+000  0.000000e+000  0.000000e+000  0.000000e+000  0.000000e+000  0.000000e+000  0.000000e+000  
0.000000e+000  0.000000e+000  0.000000e+000  0.000000e+000  0.000000e+000  0.000000e+000  0.000000e+000  0.000000e+000  0.000000e+000  0.000000e+000  0.000000e+000  0.000000e+000  0.000000e+000  0.000000e+000  0.000000e+000  0.000000e+000  
0.000000e+000  0.000000e+000  0.000000e+000  0.000000e+000  0.000000e+000  0.000000e+000  0.000000e+000  0.000000e+000  0.000000e+000  0.000000e+000  0.000000e+000  0.000000e+000  0.000000e+000  0.000000e+000  0.000000e+000  0.000000e+000  
0.000000e+000  0.000000e+000  0.000000e+000  0.000000e+000  0.000000e+000  0.000000e+000  0.000000e+000  0.000000e+000  0.000000e+000  0.000000e+000  0.000000e+000  0.000000e+000  0.000000e+000  0.000000e+000  0.000000e+000  0.000000e+000  
0.000000e+000  0.000000e+000  0.000000e+000  0.000000e+000  0.000000e+000  0.000000e+000  0.000000e+000  0.000000e+000  0.000000e+000  0.000000e+000  0.000000e+000  0.000000e+000  0.000000e+000  0.000000e+000  0.000000e+000  0.000000e+000  
0.000000e+000  0.000000e+000  0.000000e+000  0.000000e+000  0.000000e+000  0.000000e+000  0.000000e+000  0.000000e+000  0.000000e+000  0.000000e+000  0.000000e+000  0.000000e+000  0.000000e+000  0.000000e+000  0.000000e+000  0.000000e+000  
0.000000e+000  0.000000e+000  0.000000e+000  0.000000e+000  0.000000e+000  0.000000e+000  0.000000e+000  0.000000e+000  0.000000e+000  0.000000e+000  0.000000e+000  0.000000e+000  0.000000e+000  0.000000e+000  0.000000e+000  0.000000e+000  
0.000000e+000  0.000000e+000  0.000000e+000  0.000000e+000  0.000000e+000  0.000000e+000  0.000000e+000  0.000000e+000  0.000000e+000  0.000000e+000  0.000000e+000  0.000000e+000  0.000000e+000  0.000000e+000  0.000000e+000  0.000000e+000  
0.000000e+000  0.000000e+000  0.000000e+000  0.000000e+000  0.000000e+000  0.000000e+000  0.000000e+000  0.000000e+000  0.000000e+000  0.000000e+000  0.000000e+000  0.000000e+000  0.000000e+000  0.000000e+000  0.000000e+000  0.000000e+000  
0.000000e+000  0.000000e+000  0.000000e+000  0.000000e+000  0.000000e+000  0.000000e+000  0.000000e+000  0.000000e+000  0.000000e+000  0.000000e+000  0.000000e+000  0.000000e+000  0.000000e+000  0.000000e+000  0.000000e+000  0.000000e+000  
0.000000e+000  0.000000e+000  0.000000e+000  0.000000e+000  0.000000e+000  0.000000e+000  0.000000e+000  0.000000e+000  0.000000e+000  0.000000e+000  0.000000e+000  0.000000e+000  0.000000e+000  0.000000e+000  0.000000e+000  0.000000e+000  
0.000000e+000  0.000000e+000  0.000000e+000  0.000000e+000  0.000000e+000  0.000000e+000  0.000000e+000  0.000000e+000  0.000000e+000  0.000000e+000  0.000000e+000  0.000000e+000  0.000000e+000  0.000000e+000  0.000000e+000  0.000000e+000  
0.000000e+000  0.000000e+000  0.000000e+000  0.000000e+000  0.000000e+000  0.000000e+000  0.000000e+000  0.000000e+000  0.000000e+000  0.000000e+000  0.000000e+000  0.000000e+000  0.000000e+000  0.000000e+000  0.000000e+000  0.000000e+000  
0.000000e+000  0.000000e+000  0.000000e+000  0.000000e+000  0.000000e+000  0.000000e+000  0.000000e+000  0.000000e+000  0.000000e+000  0.000000e+000  0.000000e+000  0.000000e+000  0.000000e+000  0.000000e+000  0.000000e+000  0.000000e+000  

2.872358e+001  3.012260e+001  3.415783e+001  4.022013e+001  4.698429e+001  4.694599e+001  4.674688e+001  4.639397e+001  4.589161e+001  4.407796e+001  4.224879e+001  4.042619e+001  3.360457e+001  2.660557e+001  2.234965e+001  2.093553e+001  
2.786643e+001  2.938381e+001  3.383691e+001  4.074727e+001  4.876039e+001  4.865225e+001  4.838300e+001  4.795842e+001  4.738539e+001  4.525164e+001  4.312099e+001  4.102144e+001  3.339329e+001  2.592658e+001  2.152903e+001  2.008942e+001  
2.500215e+001  2.681251e+001  3.239762e+001  4.192174e+001  5.430219e+001  5.385361e+001  5.326281e+001  5.253304e+001  5.168578e+001  4.838672e+001  4.519932e+001  4.216684e+001  3.214322e+001  2.355544e+001  1.892212e+001  1.746559e+001  
1.937253e+001  2.139179e+001  2.818359e+001  4.191263e+001  6.430127e+001  6.238385e+001  6.052443e+001  5.872984e+001  5.708912e+001  5.106791e+001  4.566202e+001  4.086782e+001  2.771433e+001  1.856123e+001  1.420794e+001  1.291459e+001  
1.140055e+001  1.301564e+001  1.917548e+001  3.562077e+001  7.781786e+001  6.923029e+001  6.230592e+001  5.683801e+001  5.308028e+001  4.313766e+001  3.561422e+001  2.977855e+001  1.778470e+001  1.101569e+001  8.119384e+000  7.295958e+000  
9.175832e+000  1.053948e+001  1.586379e+001  3.109935e+001  7.887584e+001  6.576796e+001  5.604465e+001  4.864574e+001  4.373225e+001  3.485417e+001  2.879928e+001  2.423220e+001  1.446172e+001  8.873650e+000  6.501105e+000  5.830424e+000  
6.839137e+000  7.895127e+000  1.211021e+001  2.508513e+001  7.566315e+001  5.808987e+001  4.581445e+001  3.623580e+001  2.906775e+001  2.368331e+001  2.048356e+001  1.785465e+001  1.083705e+001  6.616173e+000  4.825336e+000  4.320990e+000  
4.415198e+000  5.115608e+000  7.962261e+000  1.732421e+001  6.239613e+001  4.361553e+001  3.102408e+001  1.976054e+001  -0.000000e+000  1.027150e+001  1.161091e+001  1.116053e+001  7.006283e+000  4.271275e+000  3.105931e+000  2.778418e+000  
2.534656e+000  2.942021e+000  4.613176e+000  1.030987e+001  4.116066e+001  2.722799e+001  1.827215e+001  1.020347e+001  -0.000000e+000  4.642088e+000  6.138357e+000  6.267177e+000  4.022307e+000  2.451881e+000  1.780489e+000  1.591957e+000  
7.406377e-001  8.602953e-001  1.353077e+000  3.058991e+000  1.283156e+001  8.260543e+000  5.429522e+000  3.033680e+000  -0.000000e+000  1.279143e+000  1.735552e+000  1.813206e+000  1.175206e+000  7.164237e-001  5.199684e-001  4.648191e-001  
-7.406376e-001  -8.602953e-001  -1.353077e+000  -3.058991e+000  -1.283156e+001  -8.260542e+000  -5.429522e+000  -3.033680e+000  -0.000000e+000  -1.279143e+000  -1.735552e+000  -1.813206e+000  -1.175206e+000  -7.164237e-001  -5.199684e-001  -4.648191e-001  
-2.534656e+000  -2.942020e+000  -4.613176e+000  -1.030987e+001  -4.116066e+001  -2.722799e+001  -1.827215e+001  -1.020347e+001  -0.000000e+000  -4.642088e+000  -6.138357e+000  -6.267177e+000  -4.022307e+000  -2.451881e+000  -1.780489e+000  -1.591957e+000  
-4.415198e+000  -5.115608e+000  -7.962261e+000  -1.732421e+001  -6.239613e+001  -4.361553e+001  -3.102408e+001  -1.976054e+001  -0.000000e+000  -1.027150e+001  -1.161091e+001  -1.116053e+001  -7.006283e+000  -4.271275e+000  -3.105931e+000  -2.778418e+000  
-6.839137e+000  -7.895127e+000  -1.211021e+001  -2.508513e+001  -7.566315e+001  -5.808987e+001  -4.581445e+001  -3.623580e+001  -2.906775e+001  -2.368331e+001  -2.048356e+001  -1.785465e+001  -1.083705e+001  -6.616173e+000  -4.825336e+000  -4.320990e+000  
-9.175832e+000  -1.053948e+001  -1.586379e+001  -3.109935e+001  -7.887584e+001  -6.576796e+001  -5.604465e+001  -4.864574e+001  -4.373225e+001  -3.485417e+001  -2.879928e+001  -2.423220e+001  -1.446172e+001  -8.873650e+000  -6.501105e+000  -5.830424e+000  
-1.140055e+001  -1.301564e+001  -1.917548e+001  -3.562077e+001  -7.781786e+001  -6.923029e+001  -6.230592e+001  -5.683801e+001  -5.308028e+001  -4.313766e+001  -3.561422e+001  -2.977855e+001  -1.778470e+001  -1.101569e+001  -8.119384e+000  -7.295958e+000  
-1.937253e+001  -2.139179e+001  -2.818359e+001  -4.191263e+001  -6.430127e+001  -6.238385e+001  -6.052443e+001  -5.872984e+001  -5.708912e+001  -5.106791e+001  -4.566202e+001  -4.086782e+001  -2.771433e+001  -1.856123e+001  -1.420794e+001  -1.291459e+001  
-2.500215e+001  -2.681251e+001  -3.239762e+001  -4.192174e+001  -5.430219e+001  -5.385361e+001  -5.326281e+001  -5.253304e+001  -5.168578e+001  -4.838672e+001  -4.519932e+001  -4.216684e+001  -3.214322e+001  -2.355544e+001  -1.892212e+001  -1.746559e+001  
-2.786643e+001  -2.938381e+001  -3.383691e+001  -4.074727e+001  -4.876039e+001  -4.865225e+001  -4.838300e+001  -4.795842e+001  -4.738539e+001  -4.525164e+001  -4.312099e+001  -4.102144e+001  -3.339329e+001  -2.592658e+001  -2.152903e+001  -2.008942e+001  
-2.872358e+001  -3.012260e+001  -3.415783e+001  -4.022013e+001  -4.698429e+001  -4.694599e+001  -4.674688e+001  -4.639397e+001  -4.589161e+001  -4.407796e+001  -4.224879e+001  -4.042619e+001  -3.360457e+001  -2.660557e+001  -2.234965e+001  -2.093553e+001  

