22/Apr/2021 11:56:22  Build version: 2019.4 Release from 2019-03-01 (change 672343)

22/Apr/2021 11:56:22  Starting adaptive port meshing.
                      
                      ------------------------------------------------------------------------------
22/Apr/2021 11:56:22  Mode calculation for port 1:
                      
                      ------------------------------------------------------------------------------

                      ------------------------------------------------------------------------------

                      ------------------------------------------------------------------------------
22/Apr/2021 11:56:24  Using generalized port mode solver.
                      
                      ------------------------------------------------------------------------------
22/Apr/2021 11:56:24  Port mode solver: Detected dispersive material(s) at port 1. 
                      Using a constant approximation of dispersive material(s) at 3.6 GHz and neglecting loss terms.  More...
                      
                      ------------------------------------------------------------------------------
22/Apr/2021 11:56:24    -------------------------------- F-Calc 3.6 --------------------------------
                        Port   Mode   Type        Z-Wave        Z-Wave-Sigma  Z-Line        F-Cutoff
                        1      1      QTEM        235           0             94.8          ---
                        ----------------------------------------------------------------------------
                      
22/Apr/2021 11:56:24  Pass 1 successfully completed. 

                      ------------------------------------------------------------------------------

                      ------------------------------------------------------------------------------
22/Apr/2021 11:56:27    -------------------------------- F-Calc 3.6 --------------------------------
                        Port   Mode   Type        Z-Wave        Z-Wave-Sigma  Z-Line        F-Cutoff
                        1      1      QTEM        235           1.45e-008     108           ---
                        ----------------------------------------------------------------------------
                      
22/Apr/2021 11:56:27  Pass 2 successfully completed. Delta (Line Imp.): 12.43%

                      ------------------------------------------------------------------------------

                      ------------------------------------------------------------------------------
22/Apr/2021 11:56:30    -------------------------------- F-Calc 3.6 --------------------------------
                        Port   Mode   Type        Z-Wave        Z-Wave-Sigma  Z-Line        F-Cutoff
                        1      1      QTEM        237           5.89e-008     110           ---
                        ----------------------------------------------------------------------------
                      
22/Apr/2021 11:56:31  Pass 3 successfully completed. Delta (Line Imp.): 1.22%

                      ------------------------------------------------------------------------------

                      ------------------------------------------------------------------------------
22/Apr/2021 11:56:36    -------------------------------- F-Calc 3.6 --------------------------------
                        Port   Mode   Type        Z-Wave        Z-Wave-Sigma  Z-Line        F-Cutoff
                        1      1      QTEM        245           3.14e-007     108           ---
                        ----------------------------------------------------------------------------
                      
22/Apr/2021 11:56:37  Pass 4 successfully completed. Delta (Line Imp.): 1.81%
22/Apr/2021 11:56:37  Adaptive port meshing finished. 
                      
                      ------------------------------------------------------------------------------
22/Apr/2021 11:56:37  The following farfield monitor(s) have been adjusted to model box [-31.2506,
                      31.2506, -0.472202, 28.7007, -12.8706, 12.8706].
                        farfield (f=3.6)
                      
                      ------------------------------------------------------------------------------
22/Apr/2021 11:56:37  
                      Solver started at: 11:56 AM Thursday, 22. April 2021 (GTB Daylight Time)
                      
                        Module:  Time Domain: S-Parameter (Win 64)
                        Version: 2019.4 Release from 2019-03-01 (change 672343)
                      

                      ------------------------------------------------------------------------------

                      ------------------------------------------------------------------------------
22/Apr/2021 11:56:37  ======================================================================
                       Solver cycle: 1
                      ======================================================================
                      
                      Stimulation at port 1 (mode 1) 
                      
                      
                      
                      ------------------------------------------------------------------------------
22/Apr/2021 11:56:37  Units settings: 
                      
                        Dimensions: mm
                        Frequency:  GHz
                        Time:       ns
                      
                      ------------------------------------------------------------------------------
22/Apr/2021 11:56:43  Mesh statistics:
                      
                         Hexahedral mesh type: PBA [Version: default]
                      
                         Parallelization type: domain decomposition
                            Number of parallel working threads: 2
                            Number of calculation domains used: 2
                      
                         Used point accuracy enhancement value: 75.00%.
                         Used point accuracy enhancement value: 71.00%.
                         PBA fill limit: 99.00% (inverse)

22/Apr/2021 11:56:43  Using generalized port mode solver.
                      
                      ------------------------------------------------------------------------------
22/Apr/2021 11:56:43  Port mode solver: Detected dispersive material(s) at port 1. 
                      Using a constant approximation of dispersive material(s) at 3.6 GHz and neglecting loss terms.  More...
                      
                      ------------------------------------------------------------------------------
22/Apr/2021 11:56:43  Boundary conditions: 
                      
                        YZsymmetry: none
                        XZsymmetry: none
                        XYsymmetry: none
                      
                        Xmin: expanded open, 4 Layer, depth 17.5751 mm
                        Xmax: expanded open, 4 Layer, depth 17.5751 mm
                      
                        Ymin: expanded open, 4 Layer, depth 17.4261 mm
                        Ymax: expanded open, 4 Layer, depth 17.5763 mm
                      
                        Zmin: expanded open, 4 Layer, depth 17.5743 mm
                        Zmax: expanded open, 4 Layer, depth 17.5743 mm
                      
                        PML-Type: Convolution PML
                      
                      ------------------------------------------------------------------------------
22/Apr/2021 11:56:43  Frequency settings: 
                      
                        Fmin:         3.06
                        Fmax:         4.14
                        Nfsteps(lin): 1001
                      
                      ------------------------------------------------------------------------------
22/Apr/2021 11:56:43  Waveguide boundaries:
                      
22/Apr/2021 11:56:43  Port: 1
                      
22/Apr/2021 11:56:43    -------------------------------- F-Calc 3.6 --------------------------------
                        Port   Mode   Type        Z-Wave        Z-Wave-Sigma  Z-Line        F-Cutoff
                        1      1      QTEM        235           0             108           ---
                        ----------------------------------------------------------------------------
                      
22/Apr/2021 11:56:43  Field update statistics:
                      
                        Number of components in total: 	470058
                        Number of TST elements:		672
                        Number of lossy metal components:	1324
                        Number of disp. elements:		21308
                      
                      Subcycling state:      Automatically deactivated
                      
                      ------------------------------------------------------------------------------
22/Apr/2021 11:56:57  
                      --------------------------------------------------------------------------------
22/Apr/2021 11:56:57  Steady state energy criterion met, solver finished successfully.
                      
                      ------------------------------------------------------------------------------
22/Apr/2021 11:56:57  Frequency domain results normalized to default signal.
                      
                      
                      ------------------------------------------------------------------------------
22/Apr/2021 11:56:57  
                        ----------------------------------------------------------------------------
                                            Peak memory used (kB)         Free physical memory (kB) 
                                                                          At begin     Minimum      
                        ----------------------------------------------------------------------------
                        CAD preparation     22312                         10941776     10941776     
                        Matrices calc.      116210                        10875000     10826171     
                        Solver run total    83168                         10959396     10834280     
                        ----------------------------------------------------------------------------
                      
                      --------------------------------------------------------------------------------
                      Solver Statistics:
                      
                        Hardware:
                           Computer name:                 	cato 
                      
                           Number of CPU threads:               6
                           Hardware info:                  	Hardware Accelerator Device not activated
                      
                        Number of mesh cells:             	75465
                        Excitation duration:              	6.58249768e+000 ns 
                        Calculation time for excitation:  	13 	s
                        Number of calculated pulse widths:	1.00817 
                        Steady state accuracy limit:      	-40	dB 
                        Simulated number of time steps:   	10458 
                        Maximum number of time steps:     	207465 
                        Time step width:
                           without subcycles:             	6.34562112e-004 ns
                           used:                          	6.34562112e-004 ns
                      
                        CAD preparation time:             	0      	s
                        Matrix calculation time:          	5 	s
                        Solver setup time:                	0 	s
                        Solver loop time:                 	13 	s
                        Solver post processing time:      	0 	s
                                                          	------------
                        Total solver time:                	18 	s
                      
                      ------------------------------------------------------------------------------
22/Apr/2021 11:56:57  
                        Adaptive port meshing time:          	16     	s
                        Total solver time (all cycles):      	18     	s
                        solver initialization and clean-up:  	1      	s
                                                             	------------
                        Total simulation time:               	35     	s
                      
                      ------------------------------------------------------------------------------
22/Apr/2021 11:56:57  Solver finished at: 11:56 AM Thursday, 22. April 2021
                      
                      
                      
                      ------------------------------------------------------------------------------
22/Apr/2021 11:56:59  Creating parametric 1D results for Run ID 1
                      
                      ------------------------------------------------------------------------------
