Port monitor named: Port1_h1[3.6]_mp.prt

nx        = 66
ny        = 44
nz        = 28

nu        = 16
nv        = 20
iu        = 7
iv        = 24

idir      = 1
dcut      = 0.000000e+000
icut      = 9
type      = 1
frequency = 3.600000e+009

fcutoff   = 0.000000e+000
alpha     = 0.000000e+000
beta      = 1.208349e+002
accuracy  = 1.158099e-012

type          = QTEM
wave imp.     = 2.352338e+002
wave imp.sig. = 0.000000e+000
line imp.     = 1.077000e+002

ref. port     = 0

-1.159568e-002  -8.988262e-003  -1.381230e-004  1.649696e-002  3.704901e-002  3.924482e-002  4.069873e-002  4.150730e-002  4.162858e-002  4.087348e-002  3.921871e-002  3.675911e-002  2.089123e-002  1.831236e-003  -8.375125e-003  -1.133898e-002  
-4.091014e-002  -3.407481e-002  -8.783164e-003  4.602493e-002  1.276583e-001  1.372680e-001  1.439333e-001  1.478739e-001  1.487522e-001  1.456416e-001  1.383697e-001  1.276438e-001  6.203711e-002  -2.667721e-003  -3.224551e-002  -4.004608e-002  
-8.674885e-002  -8.051905e-002  -4.952965e-002  4.880639e-002  2.743834e-001  3.117228e-001  3.408175e-001  3.602234e-001  3.666171e-001  3.549368e-001  3.250699e-001  2.838681e-001  8.463725e-002  -3.999395e-002  -7.784270e-002  -8.508002e-002  
-1.465372e-001  -1.531304e-001  -1.587550e-001  -7.594272e-002  4.558222e-001  6.605218e-001  8.511784e-001  1.001144e+000  1.063006e+000  9.738911e-001  7.685409e-001  5.364989e-001  -2.325646e-002  -1.535874e-001  -1.513431e-001  -1.441236e-001  
-1.776761e-001  -1.994125e-001  -2.729633e-001  -3.887729e-001  3.424643e-002  8.633843e-001  1.873681e+000  2.965961e+000  3.631412e+000  2.709350e+000  1.354987e+000  2.770687e-001  -3.957660e-001  -2.842878e-001  -1.998795e-001  -1.751304e-001  
-1.878383e-001  -2.149990e-001  -3.150779e-001  -5.346913e-001  -4.613369e-001  5.646544e-001  2.124172e+000  4.413896e+000  6.661686e+000  3.829919e+000  1.291958e+000  -2.095987e-001  -5.846982e-001  -3.336173e-001  -2.163322e-001  -1.852642e-001  
-1.957804e-001  -2.275311e-001  -3.521105e-001  -6.956785e-001  -1.408142e+000  -6.923751e-001  1.163755e+000  5.920849e+000  1.628637e+001  4.650405e+000  1.459535e-001  -1.299629e+000  -8.092617e-001  -3.780722e-001  -2.296465e-001  -1.931949e-001  
-2.004432e-001  -2.350554e-001  -3.761074e-001  -8.230442e-001  -2.573832e+000  -3.463795e+000  -3.899386e+000  -2.036088e+000  -0.000000e+000  -2.484992e+000  -3.681302e+000  -2.854628e+000  -9.998797e-001  -4.075477e-001  -2.376848e-001  -1.978560e-001  
-2.027261e-001  -2.387813e-001  -3.884717e-001  -8.959250e-001  -3.411584e+000  -6.142051e+000  -1.027584e+001  -1.616292e+001  -0.000000e+000  -1.485072e+001  -8.087736e+000  -4.079267e+000  -1.113512e+000  -4.229292e-001  -2.416769e-001  -2.001394e-001  
-2.033207e-001  -2.397562e-001  -3.917613e-001  -9.162641e-001  -3.680825e+000  -7.324225e+000  -1.455287e+001  -3.515693e+001  -1.049316e+002  -2.941577e+001  -1.064361e+001  -4.514072e+000  -1.146014e+000  -4.270452e-001  -2.427228e-001  -2.007342e-001  
-2.027261e-001  -2.387813e-001  -3.884717e-001  -8.959250e-001  -3.411584e+000  -6.142051e+000  -1.027584e+001  -1.616292e+001  -0.000000e+000  -1.485072e+001  -8.087735e+000  -4.079267e+000  -1.113512e+000  -4.229292e-001  -2.416769e-001  -2.001394e-001  
-2.004432e-001  -2.350554e-001  -3.761074e-001  -8.230442e-001  -2.573832e+000  -3.463795e+000  -3.899386e+000  -2.036088e+000  -0.000000e+000  -2.484992e+000  -3.681302e+000  -2.854628e+000  -9.998797e-001  -4.075477e-001  -2.376848e-001  -1.978560e-001  
-1.957804e-001  -2.275311e-001  -3.521105e-001  -6.956785e-001  -1.408142e+000  -6.923751e-001  1.163755e+000  5.920849e+000  1.628637e+001  4.650405e+000  1.459535e-001  -1.299629e+000  -8.092617e-001  -3.780722e-001  -2.296465e-001  -1.931949e-001  
-1.878383e-001  -2.149990e-001  -3.150779e-001  -5.346913e-001  -4.613369e-001  5.646544e-001  2.124172e+000  4.413896e+000  6.661686e+000  3.829919e+000  1.291958e+000  -2.095987e-001  -5.846982e-001  -3.336173e-001  -2.163322e-001  -1.852642e-001  
-1.776761e-001  -1.994125e-001  -2.729633e-001  -3.887729e-001  3.424642e-002  8.633843e-001  1.873681e+000  2.965961e+000  3.631412e+000  2.709350e+000  1.354987e+000  2.770687e-001  -3.957660e-001  -2.842878e-001  -1.998795e-001  -1.751304e-001  
-1.465372e-001  -1.531304e-001  -1.587550e-001  -7.594272e-002  4.558222e-001  6.605218e-001  8.511784e-001  1.001144e+000  1.063006e+000  9.738911e-001  7.685409e-001  5.364989e-001  -2.325646e-002  -1.535874e-001  -1.513431e-001  -1.441236e-001  
-8.674885e-002  -8.051905e-002  -4.952965e-002  4.880639e-002  2.743834e-001  3.117228e-001  3.408175e-001  3.602234e-001  3.666171e-001  3.549368e-001  3.250699e-001  2.838681e-001  8.463725e-002  -3.999395e-002  -7.784270e-002  -8.508002e-002  
-4.091014e-002  -3.407481e-002  -8.783164e-003  4.602493e-002  1.276583e-001  1.372680e-001  1.439333e-001  1.478739e-001  1.487522e-001  1.456416e-001  1.383697e-001  1.276438e-001  6.203711e-002  -2.667721e-003  -3.224551e-002  -4.004608e-002  
-1.159568e-002  -8.988262e-003  -1.381229e-004  1.649696e-002  3.704901e-002  3.924482e-002  4.069873e-002  4.150730e-002  4.162858e-002  4.087348e-002  3.921871e-002  3.675911e-002  2.089123e-002  1.831236e-003  -8.375125e-003  -1.133898e-002  
-0.000000e+000  -0.000000e+000  -0.000000e+000  -0.000000e+000  -0.000000e+000  -0.000000e+000  -0.000000e+000  -0.000000e+000  -0.000000e+000  -0.000000e+000  -0.000000e+000  -0.000000e+000  -0.000000e+000  -0.000000e+000  -0.000000e+000  -0.000000e+000  

-1.742238e-002  -4.784295e-002  -6.293715e-002  -4.856243e-002  -2.463521e-002  -2.701613e-002  -2.877658e-002  -3.015750e-002  -2.429537e-002  -1.153556e-002  7.118138e-004  2.854101e-002  5.302046e-002  4.441101e-002  1.663157e-002  -0.000000e+000  
-2.019026e-002  -5.715019e-002  -8.017967e-002  -6.937788e-002  -3.672996e-002  -3.636604e-002  -3.507179e-002  -3.312620e-002  -2.315718e-002  -5.761918e-003  1.067331e-002  4.710258e-002  7.108485e-002  5.433405e-002  1.955842e-002  -0.000000e+000  
-2.754025e-002  -8.399085e-002  -1.373685e-001  -1.528827e-001  -9.040350e-002  -7.880612e-002  -6.372052e-002  -4.586075e-002  -1.628827e-002  2.235759e-002  5.664251e-002  1.256762e-001  1.331482e-001  8.348301e-002  2.740673e-002  -0.000000e+000  
-3.465661e-002  -1.179086e-001  -2.414059e-001  -3.866762e-001  -3.025357e-001  -2.608970e-001  -1.920414e-001  -9.998308e-002  2.422925e-002  1.541643e-001  2.464195e-001  3.713230e-001  2.552947e-001  1.223547e-001  3.531135e-002  -0.000000e+000  
-2.965726e-002  -1.161116e-001  -3.238328e-001  -8.854685e-001  -1.350707e+000  -1.311556e+000  -1.028049e+000  -4.629287e-001  3.862992e-001  1.029473e+000  1.244864e+000  1.002010e+000  3.758119e-001  1.255781e-001  3.077382e-002  -0.000000e+000  
-2.523562e-002  -1.011128e-001  -3.006561e-001  -9.816732e-001  -2.351986e+000  -2.614396e+000  -2.437607e+000  -1.326658e+000  1.323651e+000  2.415323e+000  2.351068e+000  1.185027e+000  3.566472e-001  1.101278e-001  2.625570e-002  -0.000000e+000  
-1.965040e-002  -8.040693e-002  -2.550732e-001  -1.002414e+000  -3.591131e+000  -4.622187e+000  -5.384334e+000  -4.223448e+000  4.217257e+000  5.016756e+000  3.895100e+000  1.291659e+000  3.096759e-001  8.816083e-002  2.049112e-002  -0.000000e+000  
-1.307922e-002  -5.441861e-002  -1.826351e-001  -8.523313e-001  -4.457603e+000  -7.006997e+000  -1.149458e+001  -1.853763e+001  1.756508e+001  9.640499e+000  5.389380e+000  1.172483e+000  2.265868e-001  5.999786e-002  1.366212e-002  -0.000000e+000  
-7.618979e-003  -3.197017e-002  -1.105429e-001  -5.663588e-001  -3.647904e+000  -6.574873e+000  -1.329770e+001  -2.818212e+001  2.695128e+001  1.059414e+001  4.764986e+000  8.100759e-001  1.388059e-001  3.535006e-002  7.965300e-003  -0.000000e+000  
-2.239333e-003  -9.429351e-003  -3.301751e-002  -1.765550e-001  -1.293885e+000  -2.750768e+000  -7.839265e+000  -3.043013e+001  2.741266e+001  5.660780e+000  1.843617e+000  2.584064e-001  4.168395e-002  1.043887e-002  2.341928e-003  -0.000000e+000  
2.239331e-003  9.429352e-003  3.301751e-002  1.765550e-001  1.293885e+000  2.750768e+000  7.839265e+000  3.043013e+001  -2.741266e+001  -5.660780e+000  -1.843617e+000  -2.584064e-001  -4.168395e-002  -1.043887e-002  -2.341928e-003  -0.000000e+000  
7.618980e-003  3.197017e-002  1.105429e-001  5.663588e-001  3.647904e+000  6.574873e+000  1.329770e+001  2.818212e+001  -2.695128e+001  -1.059414e+001  -4.764986e+000  -8.100759e-001  -1.388059e-001  -3.535006e-002  -7.965300e-003  -0.000000e+000  
1.307922e-002  5.441861e-002  1.826351e-001  8.523313e-001  4.457603e+000  7.006997e+000  1.149458e+001  1.853763e+001  -1.756508e+001  -9.640499e+000  -5.389380e+000  -1.172483e+000  -2.265868e-001  -5.999786e-002  -1.366212e-002  -0.000000e+000  
1.965040e-002  8.040693e-002  2.550732e-001  1.002414e+000  3.591131e+000  4.622187e+000  5.384334e+000  4.223448e+000  -4.217257e+000  -5.016756e+000  -3.895100e+000  -1.291659e+000  -3.096759e-001  -8.816083e-002  -2.049112e-002  -0.000000e+000  
2.523562e-002  1.011128e-001  3.006561e-001  9.816732e-001  2.351986e+000  2.614396e+000  2.437607e+000  1.326658e+000  -1.323651e+000  -2.415323e+000  -2.351068e+000  -1.185027e+000  -3.566472e-001  -1.101278e-001  -2.625570e-002  -0.000000e+000  
2.965726e-002  1.161116e-001  3.238328e-001  8.854685e-001  1.350707e+000  1.311556e+000  1.028049e+000  4.629287e-001  -3.862992e-001  -1.029473e+000  -1.244864e+000  -1.002010e+000  -3.758119e-001  -1.255781e-001  -3.077382e-002  -0.000000e+000  
3.465661e-002  1.179086e-001  2.414059e-001  3.866762e-001  3.025357e-001  2.608970e-001  1.920414e-001  9.998308e-002  -2.422925e-002  -1.541643e-001  -2.464195e-001  -3.713230e-001  -2.552947e-001  -1.223547e-001  -3.531135e-002  -0.000000e+000  
2.754025e-002  8.399085e-002  1.373685e-001  1.528827e-001  9.040350e-002  7.880611e-002  6.372052e-002  4.586075e-002  1.628827e-002  -2.235759e-002  -5.664251e-002  -1.256762e-001  -1.331482e-001  -8.348301e-002  -2.740673e-002  -0.000000e+000  
2.019026e-002  5.715019e-002  8.017967e-002  6.937788e-002  3.672996e-002  3.636603e-002  3.507180e-002  3.312619e-002  2.315718e-002  5.761917e-003  -1.067331e-002  -4.710258e-002  -7.108485e-002  -5.433405e-002  -1.955842e-002  -0.000000e+000  
1.742238e-002  4.784295e-002  6.293715e-002  4.856243e-002  2.463521e-002  2.701612e-002  2.877658e-002  3.015750e-002  2.429537e-002  1.153556e-002  -7.118141e-004  -2.854101e-002  -5.302046e-002  -4.441101e-002  -1.663157e-002  -0.000000e+000  

0.000000e+000  0.000000e+000  0.000000e+000  0.000000e+000  0.000000e+000  0.000000e+000  0.000000e+000  0.000000e+000  0.000000e+000  0.000000e+000  0.000000e+000  0.000000e+000  0.000000e+000  0.000000e+000  0.000000e+000  0.000000e+000  
0.000000e+000  0.000000e+000  0.000000e+000  0.000000e+000  0.000000e+000  0.000000e+000  0.000000e+000  0.000000e+000  0.000000e+000  0.000000e+000  0.000000e+000  0.000000e+000  0.000000e+000  0.000000e+000  0.000000e+000  0.000000e+000  
0.000000e+000  0.000000e+000  0.000000e+000  0.000000e+000  0.000000e+000  0.000000e+000  0.000000e+000  0.000000e+000  0.000000e+000  0.000000e+000  0.000000e+000  0.000000e+000  0.000000e+000  0.000000e+000  0.000000e+000  0.000000e+000  
0.000000e+000  0.000000e+000  0.000000e+000  0.000000e+000  0.000000e+000  0.000000e+000  0.000000e+000  0.000000e+000  0.000000e+000  0.000000e+000  0.000000e+000  0.000000e+000  0.000000e+000  0.000000e+000  0.000000e+000  0.000000e+000  
0.000000e+000  0.000000e+000  0.000000e+000  0.000000e+000  0.000000e+000  0.000000e+000  0.000000e+000  0.000000e+000  0.000000e+000  0.000000e+000  0.000000e+000  0.000000e+000  0.000000e+000  0.000000e+000  0.000000e+000  0.000000e+000  
0.000000e+000  0.000000e+000  0.000000e+000  0.000000e+000  0.000000e+000  0.000000e+000  0.000000e+000  0.000000e+000  0.000000e+000  0.000000e+000  0.000000e+000  0.000000e+000  0.000000e+000  0.000000e+000  0.000000e+000  0.000000e+000  
0.000000e+000  0.000000e+000  0.000000e+000  0.000000e+000  0.000000e+000  0.000000e+000  0.000000e+000  0.000000e+000  0.000000e+000  0.000000e+000  0.000000e+000  0.000000e+000  0.000000e+000  0.000000e+000  0.000000e+000  0.000000e+000  
0.000000e+000  0.000000e+000  0.000000e+000  0.000000e+000  0.000000e+000  0.000000e+000  0.000000e+000  0.000000e+000  0.000000e+000  0.000000e+000  0.000000e+000  0.000000e+000  0.000000e+000  0.000000e+000  0.000000e+000  0.000000e+000  
0.000000e+000  0.000000e+000  0.000000e+000  0.000000e+000  0.000000e+000  0.000000e+000  0.000000e+000  0.000000e+000  0.000000e+000  0.000000e+000  0.000000e+000  0.000000e+000  0.000000e+000  0.000000e+000  0.000000e+000  0.000000e+000  
0.000000e+000  0.000000e+000  0.000000e+000  0.000000e+000  0.000000e+000  0.000000e+000  0.000000e+000  0.000000e+000  0.000000e+000  0.000000e+000  0.000000e+000  0.000000e+000  0.000000e+000  0.000000e+000  0.000000e+000  0.000000e+000  
0.000000e+000  0.000000e+000  0.000000e+000  0.000000e+000  0.000000e+000  0.000000e+000  0.000000e+000  0.000000e+000  0.000000e+000  0.000000e+000  0.000000e+000  0.000000e+000  0.000000e+000  0.000000e+000  0.000000e+000  0.000000e+000  
0.000000e+000  0.000000e+000  0.000000e+000  0.000000e+000  0.000000e+000  0.000000e+000  0.000000e+000  0.000000e+000  0.000000e+000  0.000000e+000  0.000000e+000  0.000000e+000  0.000000e+000  0.000000e+000  0.000000e+000  0.000000e+000  
0.000000e+000  0.000000e+000  0.000000e+000  0.000000e+000  0.000000e+000  0.000000e+000  0.000000e+000  0.000000e+000  0.000000e+000  0.000000e+000  0.000000e+000  0.000000e+000  0.000000e+000  0.000000e+000  0.000000e+000  0.000000e+000  
0.000000e+000  0.000000e+000  0.000000e+000  0.000000e+000  0.000000e+000  0.000000e+000  0.000000e+000  0.000000e+000  0.000000e+000  0.000000e+000  0.000000e+000  0.000000e+000  0.000000e+000  0.000000e+000  0.000000e+000  0.000000e+000  
0.000000e+000  0.000000e+000  0.000000e+000  0.000000e+000  0.000000e+000  0.000000e+000  0.000000e+000  0.000000e+000  0.000000e+000  0.000000e+000  0.000000e+000  0.000000e+000  0.000000e+000  0.000000e+000  0.000000e+000  0.000000e+000  
0.000000e+000  0.000000e+000  0.000000e+000  0.000000e+000  0.000000e+000  0.000000e+000  0.000000e+000  0.000000e+000  0.000000e+000  0.000000e+000  0.000000e+000  0.000000e+000  0.000000e+000  0.000000e+000  0.000000e+000  0.000000e+000  
0.000000e+000  0.000000e+000  0.000000e+000  0.000000e+000  0.000000e+000  0.000000e+000  0.000000e+000  0.000000e+000  0.000000e+000  0.000000e+000  0.000000e+000  0.000000e+000  0.000000e+000  0.000000e+000  0.000000e+000  0.000000e+000  
0.000000e+000  0.000000e+000  0.000000e+000  0.000000e+000  0.000000e+000  0.000000e+000  0.000000e+000  0.000000e+000  0.000000e+000  0.000000e+000  0.000000e+000  0.000000e+000  0.000000e+000  0.000000e+000  0.000000e+000  0.000000e+000  
0.000000e+000  0.000000e+000  0.000000e+000  0.000000e+000  0.000000e+000  0.000000e+000  0.000000e+000  0.000000e+000  0.000000e+000  0.000000e+000  0.000000e+000  0.000000e+000  0.000000e+000  0.000000e+000  0.000000e+000  0.000000e+000  
0.000000e+000  0.000000e+000  0.000000e+000  0.000000e+000  0.000000e+000  0.000000e+000  0.000000e+000  0.000000e+000  0.000000e+000  0.000000e+000  0.000000e+000  0.000000e+000  0.000000e+000  0.000000e+000  0.000000e+000  0.000000e+000  

0.000000e+000  0.000000e+000  0.000000e+000  0.000000e+000  0.000000e+000  0.000000e+000  0.000000e+000  0.000000e+000  0.000000e+000  0.000000e+000  0.000000e+000  0.000000e+000  0.000000e+000  0.000000e+000  0.000000e+000  0.000000e+000  
0.000000e+000  0.000000e+000  0.000000e+000  0.000000e+000  0.000000e+000  0.000000e+000  0.000000e+000  0.000000e+000  0.000000e+000  0.000000e+000  0.000000e+000  0.000000e+000  0.000000e+000  0.000000e+000  0.000000e+000  0.000000e+000  
0.000000e+000  0.000000e+000  0.000000e+000  0.000000e+000  0.000000e+000  0.000000e+000  0.000000e+000  0.000000e+000  0.000000e+000  0.000000e+000  0.000000e+000  0.000000e+000  0.000000e+000  0.000000e+000  0.000000e+000  0.000000e+000  
0.000000e+000  0.000000e+000  0.000000e+000  0.000000e+000  0.000000e+000  0.000000e+000  0.000000e+000  0.000000e+000  0.000000e+000  0.000000e+000  0.000000e+000  0.000000e+000  0.000000e+000  0.000000e+000  0.000000e+000  0.000000e+000  
0.000000e+000  0.000000e+000  0.000000e+000  0.000000e+000  0.000000e+000  0.000000e+000  0.000000e+000  0.000000e+000  0.000000e+000  0.000000e+000  0.000000e+000  0.000000e+000  0.000000e+000  0.000000e+000  0.000000e+000  0.000000e+000  
0.000000e+000  0.000000e+000  0.000000e+000  0.000000e+000  0.000000e+000  0.000000e+000  0.000000e+000  0.000000e+000  0.000000e+000  0.000000e+000  0.000000e+000  0.000000e+000  0.000000e+000  0.000000e+000  0.000000e+000  0.000000e+000  
0.000000e+000  0.000000e+000  0.000000e+000  0.000000e+000  0.000000e+000  0.000000e+000  0.000000e+000  0.000000e+000  0.000000e+000  0.000000e+000  0.000000e+000  0.000000e+000  0.000000e+000  0.000000e+000  0.000000e+000  0.000000e+000  
0.000000e+000  0.000000e+000  0.000000e+000  0.000000e+000  0.000000e+000  0.000000e+000  0.000000e+000  0.000000e+000  0.000000e+000  0.000000e+000  0.000000e+000  0.000000e+000  0.000000e+000  0.000000e+000  0.000000e+000  0.000000e+000  
0.000000e+000  0.000000e+000  0.000000e+000  0.000000e+000  0.000000e+000  0.000000e+000  0.000000e+000  0.000000e+000  0.000000e+000  0.000000e+000  0.000000e+000  0.000000e+000  0.000000e+000  0.000000e+000  0.000000e+000  0.000000e+000  
0.000000e+000  0.000000e+000  0.000000e+000  0.000000e+000  0.000000e+000  0.000000e+000  0.000000e+000  0.000000e+000  0.000000e+000  0.000000e+000  0.000000e+000  0.000000e+000  0.000000e+000  0.000000e+000  0.000000e+000  0.000000e+000  
0.000000e+000  0.000000e+000  0.000000e+000  0.000000e+000  0.000000e+000  0.000000e+000  0.000000e+000  0.000000e+000  0.000000e+000  0.000000e+000  0.000000e+000  0.000000e+000  0.000000e+000  0.000000e+000  0.000000e+000  0.000000e+000  
0.000000e+000  0.000000e+000  0.000000e+000  0.000000e+000  0.000000e+000  0.000000e+000  0.000000e+000  0.000000e+000  0.000000e+000  0.000000e+000  0.000000e+000  0.000000e+000  0.000000e+000  0.000000e+000  0.000000e+000  0.000000e+000  
0.000000e+000  0.000000e+000  0.000000e+000  0.000000e+000  0.000000e+000  0.000000e+000  0.000000e+000  0.000000e+000  0.000000e+000  0.000000e+000  0.000000e+000  0.000000e+000  0.000000e+000  0.000000e+000  0.000000e+000  0.000000e+000  
0.000000e+000  0.000000e+000  0.000000e+000  0.000000e+000  0.000000e+000  0.000000e+000  0.000000e+000  0.000000e+000  0.000000e+000  0.000000e+000  0.000000e+000  0.000000e+000  0.000000e+000  0.000000e+000  0.000000e+000  0.000000e+000  
0.000000e+000  0.000000e+000  0.000000e+000  0.000000e+000  0.000000e+000  0.000000e+000  0.000000e+000  0.000000e+000  0.000000e+000  0.000000e+000  0.000000e+000  0.000000e+000  0.000000e+000  0.000000e+000  0.000000e+000  0.000000e+000  
0.000000e+000  0.000000e+000  0.000000e+000  0.000000e+000  0.000000e+000  0.000000e+000  0.000000e+000  0.000000e+000  0.000000e+000  0.000000e+000  0.000000e+000  0.000000e+000  0.000000e+000  0.000000e+000  0.000000e+000  0.000000e+000  
0.000000e+000  0.000000e+000  0.000000e+000  0.000000e+000  0.000000e+000  0.000000e+000  0.000000e+000  0.000000e+000  0.000000e+000  0.000000e+000  0.000000e+000  0.000000e+000  0.000000e+000  0.000000e+000  0.000000e+000  0.000000e+000  
0.000000e+000  0.000000e+000  0.000000e+000  0.000000e+000  0.000000e+000  0.000000e+000  0.000000e+000  0.000000e+000  0.000000e+000  0.000000e+000  0.000000e+000  0.000000e+000  0.000000e+000  0.000000e+000  0.000000e+000  0.000000e+000  
0.000000e+000  0.000000e+000  0.000000e+000  0.000000e+000  0.000000e+000  0.000000e+000  0.000000e+000  0.000000e+000  0.000000e+000  0.000000e+000  0.000000e+000  0.000000e+000  0.000000e+000  0.000000e+000  0.000000e+000  0.000000e+000  
0.000000e+000  0.000000e+000  0.000000e+000  0.000000e+000  0.000000e+000  0.000000e+000  0.000000e+000  0.000000e+000  0.000000e+000  0.000000e+000  0.000000e+000  0.000000e+000  0.000000e+000  0.000000e+000  0.000000e+000  0.000000e+000  

0.000000e+000  0.000000e+000  0.000000e+000  0.000000e+000  0.000000e+000  0.000000e+000  0.000000e+000  0.000000e+000  0.000000e+000  0.000000e+000  0.000000e+000  0.000000e+000  0.000000e+000  0.000000e+000  0.000000e+000  0.000000e+000  
0.000000e+000  0.000000e+000  0.000000e+000  0.000000e+000  0.000000e+000  0.000000e+000  0.000000e+000  0.000000e+000  0.000000e+000  0.000000e+000  0.000000e+000  0.000000e+000  0.000000e+000  0.000000e+000  0.000000e+000  0.000000e+000  
0.000000e+000  0.000000e+000  0.000000e+000  0.000000e+000  0.000000e+000  0.000000e+000  0.000000e+000  0.000000e+000  0.000000e+000  0.000000e+000  0.000000e+000  0.000000e+000  0.000000e+000  0.000000e+000  0.000000e+000  0.000000e+000  
0.000000e+000  0.000000e+000  0.000000e+000  0.000000e+000  0.000000e+000  0.000000e+000  0.000000e+000  0.000000e+000  0.000000e+000  0.000000e+000  0.000000e+000  0.000000e+000  0.000000e+000  0.000000e+000  0.000000e+000  0.000000e+000  
0.000000e+000  0.000000e+000  0.000000e+000  0.000000e+000  0.000000e+000  0.000000e+000  0.000000e+000  0.000000e+000  0.000000e+000  0.000000e+000  0.000000e+000  0.000000e+000  0.000000e+000  0.000000e+000  0.000000e+000  0.000000e+000  
0.000000e+000  0.000000e+000  0.000000e+000  0.000000e+000  0.000000e+000  0.000000e+000  0.000000e+000  0.000000e+000  0.000000e+000  0.000000e+000  0.000000e+000  0.000000e+000  0.000000e+000  0.000000e+000  0.000000e+000  0.000000e+000  
0.000000e+000  0.000000e+000  0.000000e+000  0.000000e+000  0.000000e+000  0.000000e+000  0.000000e+000  0.000000e+000  0.000000e+000  0.000000e+000  0.000000e+000  0.000000e+000  0.000000e+000  0.000000e+000  0.000000e+000  0.000000e+000  
0.000000e+000  0.000000e+000  0.000000e+000  0.000000e+000  0.000000e+000  0.000000e+000  0.000000e+000  0.000000e+000  0.000000e+000  0.000000e+000  0.000000e+000  0.000000e+000  0.000000e+000  0.000000e+000  0.000000e+000  0.000000e+000  
0.000000e+000  0.000000e+000  0.000000e+000  0.000000e+000  0.000000e+000  0.000000e+000  0.000000e+000  0.000000e+000  0.000000e+000  0.000000e+000  0.000000e+000  0.000000e+000  0.000000e+000  0.000000e+000  0.000000e+000  0.000000e+000  
0.000000e+000  0.000000e+000  0.000000e+000  0.000000e+000  0.000000e+000  0.000000e+000  0.000000e+000  0.000000e+000  0.000000e+000  0.000000e+000  0.000000e+000  0.000000e+000  0.000000e+000  0.000000e+000  0.000000e+000  0.000000e+000  
0.000000e+000  0.000000e+000  0.000000e+000  0.000000e+000  0.000000e+000  0.000000e+000  0.000000e+000  0.000000e+000  0.000000e+000  0.000000e+000  0.000000e+000  0.000000e+000  0.000000e+000  0.000000e+000  0.000000e+000  0.000000e+000  
0.000000e+000  0.000000e+000  0.000000e+000  0.000000e+000  0.000000e+000  0.000000e+000  0.000000e+000  0.000000e+000  0.000000e+000  0.000000e+000  0.000000e+000  0.000000e+000  0.000000e+000  0.000000e+000  0.000000e+000  0.000000e+000  
0.000000e+000  0.000000e+000  0.000000e+000  0.000000e+000  0.000000e+000  0.000000e+000  0.000000e+000  0.000000e+000  0.000000e+000  0.000000e+000  0.000000e+000  0.000000e+000  0.000000e+000  0.000000e+000  0.000000e+000  0.000000e+000  
0.000000e+000  0.000000e+000  0.000000e+000  0.000000e+000  0.000000e+000  0.000000e+000  0.000000e+000  0.000000e+000  0.000000e+000  0.000000e+000  0.000000e+000  0.000000e+000  0.000000e+000  0.000000e+000  0.000000e+000  0.000000e+000  
0.000000e+000  0.000000e+000  0.000000e+000  0.000000e+000  0.000000e+000  0.000000e+000  0.000000e+000  0.000000e+000  0.000000e+000  0.000000e+000  0.000000e+000  0.000000e+000  0.000000e+000  0.000000e+000  0.000000e+000  0.000000e+000  
0.000000e+000  0.000000e+000  0.000000e+000  0.000000e+000  0.000000e+000  0.000000e+000  0.000000e+000  0.000000e+000  0.000000e+000  0.000000e+000  0.000000e+000  0.000000e+000  0.000000e+000  0.000000e+000  0.000000e+000  0.000000e+000  
0.000000e+000  0.000000e+000  0.000000e+000  0.000000e+000  0.000000e+000  0.000000e+000  0.000000e+000  0.000000e+000  0.000000e+000  0.000000e+000  0.000000e+000  0.000000e+000  0.000000e+000  0.000000e+000  0.000000e+000  0.000000e+000  
0.000000e+000  0.000000e+000  0.000000e+000  0.000000e+000  0.000000e+000  0.000000e+000  0.000000e+000  0.000000e+000  0.000000e+000  0.000000e+000  0.000000e+000  0.000000e+000  0.000000e+000  0.000000e+000  0.000000e+000  0.000000e+000  
0.000000e+000  0.000000e+000  0.000000e+000  0.000000e+000  0.000000e+000  0.000000e+000  0.000000e+000  0.000000e+000  0.000000e+000  0.000000e+000  0.000000e+000  0.000000e+000  0.000000e+000  0.000000e+000  0.000000e+000  0.000000e+000  
0.000000e+000  0.000000e+000  0.000000e+000  0.000000e+000  0.000000e+000  0.000000e+000  0.000000e+000  0.000000e+000  0.000000e+000  0.000000e+000  0.000000e+000  0.000000e+000  0.000000e+000  0.000000e+000  0.000000e+000  0.000000e+000  

-2.411186e-004  -4.959816e-004  -4.859257e-006  1.788324e-003  1.573718e-003  -1.808649e-003  -5.041311e-003  -8.214076e-003  -9.304965e-003  -8.310788e-003  -7.270117e-003  -4.704267e-003  -1.206193e-003  2.743782e-004  2.464360e-004  -0.000000e+000  
-9.784416e-004  -2.311581e-003  -1.413470e-003  4.063004e-003  4.153623e-003  -6.732253e-003  -1.708477e-002  -2.719791e-002  -3.030084e-002  -2.640075e-002  -2.238790e-002  -1.270991e-002  -1.374796e-003  2.240070e-003  1.183291e-003  -0.000000e+000  
-2.429780e-003  -6.627912e-003  -7.803708e-003  9.949892e-006  2.950927e-003  -1.772609e-002  -3.712441e-002  -5.586592e-002  -5.953104e-002  -4.833241e-002  -3.739541e-002  -1.266608e-002  6.942515e-003  8.656312e-003  3.392921e-003  -0.000000e+000  
-4.580894e-003  -1.407356e-002  -2.333506e-002  -2.422025e-002  -1.718357e-002  -4.815687e-002  -7.736868e-002  -1.064154e-001  -1.015974e-001  -6.532865e-002  -3.525999e-002  1.976709e-002  3.312524e-002  2.125561e-002  6.973002e-003  -0.000000e+000  
-5.762085e-003  -1.885320e-002  -3.736252e-002  -6.520559e-002  -7.025001e-002  -7.817673e-002  -1.018851e-001  -1.491257e-001  -1.104311e-001  -4.542855e-003  5.274101e-002  9.774268e-002  6.153923e-002  3.018946e-002  9.061846e-003  -0.000000e+000  
-6.149537e-003  -2.045616e-002  -4.234484e-002  -8.218686e-002  -8.940049e-002  -6.295471e-002  -7.214047e-002  -1.412098e-001  -7.925380e-002  6.955679e-002  1.271198e-001  1.348670e-001  7.211242e-002  3.323607e-002  9.752759e-003  -0.000000e+000  
-6.453357e-003  -2.173771e-002  -4.655395e-002  -9.887760e-002  -9.733046e-002  9.815085e-003  5.667306e-002  -3.694652e-002  5.892696e-002  2.393709e-001  2.587213e-001  1.769193e-001  8.150603e-002  3.571156e-002  1.029842e-002  -0.000000e+000  
-6.632072e-003  -2.250282e-002  -4.918288e-002  -1.107061e-001  -8.269022e-002  1.562803e-001  3.740428e-001  5.092998e-001  6.104968e-001  5.376797e-001  4.236967e-001  2.113592e-001  8.765862e-002  3.720977e-002  1.062113e-002  -0.000000e+000  
-6.719643e-003  -2.288050e-002  -5.051063e-002  -1.170634e-001  -6.336621e-002  2.913618e-001  7.164711e-001  1.282547e+000  1.312203e+000  8.129188e-001  5.468107e-001  2.315371e-001  9.084897e-002  3.795463e-002  1.077968e-002  -0.000000e+000  
-6.742457e-003  -2.297919e-002  -5.086084e-002  -1.187819e-001  -5.517707e-002  3.470085e-001  9.096797e-001  2.076211e+000  1.939785e+000  9.427990e-001  5.890316e-001  2.372604e-001  9.170038e-002  3.814985e-002  1.082103e-002  -0.000000e+000  
-6.719643e-003  -2.288050e-002  -5.051063e-002  -1.170634e-001  -6.336621e-002  2.913618e-001  7.164711e-001  1.282547e+000  1.312203e+000  8.129188e-001  5.468107e-001  2.315371e-001  9.084897e-002  3.795463e-002  1.077968e-002  -0.000000e+000  
-6.632072e-003  -2.250282e-002  -4.918288e-002  -1.107061e-001  -8.269022e-002  1.562803e-001  3.740428e-001  5.092998e-001  6.104968e-001  5.376797e-001  4.236967e-001  2.113592e-001  8.765862e-002  3.720977e-002  1.062113e-002  -0.000000e+000  
-6.453357e-003  -2.173771e-002  -4.655395e-002  -9.887760e-002  -9.733046e-002  9.815085e-003  5.667306e-002  -3.694652e-002  5.892696e-002  2.393709e-001  2.587213e-001  1.769193e-001  8.150603e-002  3.571156e-002  1.029842e-002  -0.000000e+000  
-6.149537e-003  -2.045616e-002  -4.234484e-002  -8.218686e-002  -8.940049e-002  -6.295471e-002  -7.214047e-002  -1.412098e-001  -7.925380e-002  6.955679e-002  1.271198e-001  1.348670e-001  7.211242e-002  3.323607e-002  9.752759e-003  -0.000000e+000  
-5.762085e-003  -1.885320e-002  -3.736252e-002  -6.520559e-002  -7.025001e-002  -7.817673e-002  -1.018851e-001  -1.491257e-001  -1.104311e-001  -4.542855e-003  5.274101e-002  9.774268e-002  6.153923e-002  3.018946e-002  9.061846e-003  -0.000000e+000  
-4.580894e-003  -1.407356e-002  -2.333506e-002  -2.422025e-002  -1.718357e-002  -4.815687e-002  -7.736868e-002  -1.064154e-001  -1.015974e-001  -6.532865e-002  -3.525999e-002  1.976709e-002  3.312524e-002  2.125561e-002  6.973002e-003  -0.000000e+000  
-2.429780e-003  -6.627912e-003  -7.803708e-003  9.949889e-006  2.950927e-003  -1.772609e-002  -3.712441e-002  -5.586592e-002  -5.953104e-002  -4.833241e-002  -3.739541e-002  -1.266608e-002  6.942515e-003  8.656312e-003  3.392921e-003  -0.000000e+000  
-9.784416e-004  -2.311581e-003  -1.413470e-003  4.063004e-003  4.153623e-003  -6.732253e-003  -1.708477e-002  -2.719791e-002  -3.030084e-002  -2.640075e-002  -2.238790e-002  -1.270991e-002  -1.374796e-003  2.240070e-003  1.183291e-003  -0.000000e+000  
-2.411186e-004  -4.959816e-004  -4.859262e-006  1.788324e-003  1.573718e-003  -1.808649e-003  -5.041311e-003  -8.214076e-003  -9.304965e-003  -8.310788e-003  -7.270117e-003  -4.704267e-003  -1.206193e-003  2.743782e-004  2.464360e-004  -0.000000e+000  
-0.000000e+000  -0.000000e+000  -0.000000e+000  -0.000000e+000  -0.000000e+000  -0.000000e+000  -0.000000e+000  -0.000000e+000  -0.000000e+000  -0.000000e+000  -0.000000e+000  -0.000000e+000  -0.000000e+000  -0.000000e+000  -0.000000e+000  -0.000000e+000  

